[2025-07-01 14:52:17,650] INFO [Broker id=1] Transitioning 83 partition(s) to local leaders. (state.change.logger)
[2025-07-01 14:52:17,657] INFO [Broker id=1] Creating new partition __consumer_offsets-13 with topic id vCVMa4OUT-ywtd1mwLRhjQ. (state.change.logger)
[2025-07-01 14:52:17,687] INFO [Broker id=1] Leader __consumer_offsets-13 with topic id Some(vCVMa4OUT-ywtd1mwLRhjQ) starts at leader epoch 18 from offset 0 with partition epoch 18, high watermark 0, ISR [1], adding replicas [] and removing replicas [] . Previous leader None and previous leader epoch was -1. (state.change.logger)
[2025-07-01 14:52:17,691] INFO [Broker id=1] Creating new partition __consumer_offsets-46 with topic id vCVMa4OUT-ywtd1mwLRhjQ. (state.change.logger)
[2025-07-01 14:52:17,692] INFO [Broker id=1] Leader __consumer_offsets-46 with topic id Some(vCVMa4OUT-ywtd1mwLRhjQ) starts at leader epoch 18 from offset 0 with partition epoch 18, high watermark 0, ISR [1], adding replicas [] and removing replicas [] . Previous leader None and previous leader epoch was -1. (state.change.logger)
[2025-07-01 14:52:17,695] INFO [Broker id=1] Creating new partition topic-stock-return-1 with topic id u8Xr9ahqSLOjNwSTnEDTww. (state.change.logger)
[2025-07-01 14:52:17,696] INFO [Broker id=1] Leader topic-stock-return-1 with topic id Some(u8Xr9ahqSLOjNwSTnEDTww) starts at leader epoch 18 from offset 0 with partition epoch 18, high watermark 0, ISR [1], adding replicas [] and removing replicas [] . Previous leader None and previous leader epoch was -1. (state.change.logger)
[2025-07-01 14:52:17,698] INFO [Broker id=1] Creating new partition __consumer_offsets-9 with topic id vCVMa4OUT-ywtd1mwLRhjQ. (state.change.logger)
[2025-07-01 14:52:17,699] INFO [Broker id=1] Leader __consumer_offsets-9 with topic id Some(vCVMa4OUT-ywtd1mwLRhjQ) starts at leader epoch 18 from offset 0 with partition epoch 18, high watermark 0, ISR [1], adding replicas [] and removing replicas [] . Previous leader None and previous leader epoch was -1. (state.change.logger)
[2025-07-01 14:52:17,701] INFO [Broker id=1] Creating new partition __consumer_offsets-42 with topic id vCVMa4OUT-ywtd1mwLRhjQ. (state.change.logger)
[2025-07-01 14:52:17,702] INFO [Broker id=1] Leader __consumer_offsets-42 with topic id Some(vCVMa4OUT-ywtd1mwLRhjQ) starts at leader epoch 18 from offset 0 with partition epoch 18, high watermark 0, ISR [1], adding replicas [] and removing replicas [] . Previous leader None and previous leader epoch was -1. (state.change.logger)
[2025-07-01 14:52:17,705] INFO [Broker id=1] Creating new partition topic-log-system-2 with topic id zRXsszg7Qbm7kId_yQFDxg. (state.change.logger)
[2025-07-01 14:52:17,706] INFO [Broker id=1] Leader topic-log-system-2 with topic id Some(zRXsszg7Qbm7kId_yQFDxg) starts at leader epoch 18 from offset 0 with partition epoch 18, high watermark 0, ISR [1], adding replicas [] and removing replicas [] . Previous leader None and previous leader epoch was -1. (state.change.logger)
[2025-07-01 14:52:17,708] INFO [Broker id=1] Creating new partition topic-order-create-1 with topic id 2NZlfQJeQZyLb-HgwqBjkQ. (state.change.logger)
[2025-07-01 14:52:17,709] INFO [Broker id=1] Leader topic-order-create-1 with topic id Some(2NZlfQJeQZyLb-HgwqBjkQ) starts at leader epoch 18 from offset 3 with partition epoch 18, high watermark 3, ISR [1], adding replicas [] and removing replicas [] . Previous leader None and previous leader epoch was -1. (state.change.logger)
[2025-07-01 14:52:17,709] INFO [Broker id=1] Creating new partition __consumer_offsets-21 with topic id vCVMa4OUT-ywtd1mwLRhjQ. (state.change.logger)
[2025-07-01 14:52:17,710] INFO [Broker id=1] Leader __consumer_offsets-21 with topic id Some(vCVMa4OUT-ywtd1mwLRhjQ) starts at leader epoch 18 from offset 0 with partition epoch 18, high watermark 0, ISR [1], adding replicas [] and removing replicas [] . Previous leader None and previous leader epoch was -1. (state.change.logger)
[2025-07-01 14:52:17,712] INFO [Broker id=1] Creating new partition topic-stock-deduct-1 with topic id Gk22zCaBT6eO8IgwZf_k1w. (state.change.logger)
[2025-07-01 14:52:17,714] INFO [Broker id=1] Leader topic-stock-deduct-1 with topic id Some(Gk22zCaBT6eO8IgwZf_k1w) starts at leader epoch 18 from offset 0 with partition epoch 18, high watermark 0, ISR [1], adding replicas [] and removing replicas [] . Previous leader None and previous leader epoch was -1. (state.change.logger)
[2025-07-01 14:52:17,716] INFO [Broker id=1] Creating new partition __consumer_offsets-17 with topic id vCVMa4OUT-ywtd1mwLRhjQ. (state.change.logger)
[2025-07-01 14:52:17,717] INFO [Broker id=1] Leader __consumer_offsets-17 with topic id Some(vCVMa4OUT-ywtd1mwLRhjQ) starts at leader epoch 18 from offset 0 with partition epoch 18, high watermark 0, ISR [1], adding replicas [] and removing replicas [] . Previous leader None and previous leader epoch was -1. (state.change.logger)
[2025-07-01 14:52:17,721] INFO [Broker id=1] Creating new partition topic-order-delivery-0 with topic id EAykCFfrRIiTlpfr7kkXmg. (state.change.logger)
[2025-07-01 14:52:17,722] INFO [Broker id=1] Leader topic-order-delivery-0 with topic id Some(EAykCFfrRIiTlpfr7kkXmg) starts at leader epoch 18 from offset 3 with partition epoch 18, high watermark 3, ISR [1], adding replicas [] and removing replicas [] . Previous leader None and previous leader epoch was -1. (state.change.logger)
[2025-07-01 14:52:17,724] INFO [Broker id=1] Creating new partition topic-order-cancel-2 with topic id 1P01WrjrS4q74DNZsqlE_w. (state.change.logger)
[2025-07-01 14:52:17,726] INFO [Broker id=1] Leader topic-order-cancel-2 with topic id Some(1P01WrjrS4q74DNZsqlE_w) starts at leader epoch 18 from offset 0 with partition epoch 18, high watermark 0, ISR [1], adding replicas [] and removing replicas [] . Previous leader None and previous leader epoch was -1. (state.change.logger)
[2025-07-01 14:52:17,728] INFO [Broker id=1] Creating new partition __consumer_offsets-30 with topic id vCVMa4OUT-ywtd1mwLRhjQ. (state.change.logger)
[2025-07-01 14:52:17,729] INFO [Broker id=1] Leader __consumer_offsets-30 with topic id Some(vCVMa4OUT-ywtd1mwLRhjQ) starts at leader epoch 18 from offset 0 with partition epoch 18, high watermark 0, ISR [1], adding replicas [] and removing replicas [] . Previous leader None and previous leader epoch was -1. (state.change.logger)
[2025-07-01 14:52:17,731] INFO [Broker id=1] Creating new partition __consumer_offsets-26 with topic id vCVMa4OUT-ywtd1mwLRhjQ. (state.change.logger)
[2025-07-01 14:52:17,732] INFO [Broker id=1] Leader __consumer_offsets-26 with topic id Some(vCVMa4OUT-ywtd1mwLRhjQ) starts at leader epoch 18 from offset 0 with partition epoch 18, high watermark 0, ISR [1], adding replicas [] and removing replicas [] . Previous leader None and previous leader epoch was -1. (state.change.logger)
[2025-07-01 14:52:17,734] INFO [Broker id=1] Creating new partition __consumer_offsets-5 with topic id vCVMa4OUT-ywtd1mwLRhjQ. (state.change.logger)
[2025-07-01 14:52:17,735] INFO [Broker id=1] Leader __consumer_offsets-5 with topic id Some(vCVMa4OUT-ywtd1mwLRhjQ) starts at leader epoch 18 from offset 0 with partition epoch 18, high watermark 0, ISR [1], adding replicas [] and removing replicas [] . Previous leader None and previous leader epoch was -1. (state.change.logger)
[2025-07-01 14:52:17,737] INFO [Broker id=1] Creating new partition __consumer_offsets-38 with topic id vCVMa4OUT-ywtd1mwLRhjQ. (state.change.logger)
[2025-07-01 14:52:17,738] INFO [Broker id=1] Leader __consumer_offsets-38 with topic id Some(vCVMa4OUT-ywtd1mwLRhjQ) starts at leader epoch 18 from offset 0 with partition epoch 18, high watermark 0, ISR [1], adding replicas [] and removing replicas [] . Previous leader None and previous leader epoch was -1. (state.change.logger)
[2025-07-01 14:52:17,740] INFO [Broker id=1] Creating new partition topic-log-user-action-2 with topic id mSU5y2ILSvWq3vj7Ta4a0w. (state.change.logger)
[2025-07-01 14:52:17,741] INFO [Broker id=1] Leader topic-log-user-action-2 with topic id Some(mSU5y2ILSvWq3vj7Ta4a0w) starts at leader epoch 18 from offset 438 with partition epoch 18, high watermark 438, ISR [1], adding replicas [] and removing replicas [] . Previous leader None and previous leader epoch was -1. (state.change.logger)
[2025-07-01 14:52:17,741] INFO [Broker id=1] Creating new partition __consumer_offsets-1 with topic id vCVMa4OUT-ywtd1mwLRhjQ. (state.change.logger)
[2025-07-01 14:52:17,742] INFO [Broker id=1] Leader __consumer_offsets-1 with topic id Some(vCVMa4OUT-ywtd1mwLRhjQ) starts at leader epoch 18 from offset 0 with partition epoch 18, high watermark 0, ISR [1], adding replicas [] and removing replicas [] . Previous leader None and previous leader epoch was -1. (state.change.logger)
[2025-07-01 14:52:17,745] INFO [Broker id=1] Creating new partition __consumer_offsets-34 with topic id vCVMa4OUT-ywtd1mwLRhjQ. (state.change.logger)
[2025-07-01 14:52:17,746] INFO [Broker id=1] Leader __consumer_offsets-34 with topic id Some(vCVMa4OUT-ywtd1mwLRhjQ) starts at leader epoch 18 from offset 0 with partition epoch 18, high watermark 0, ISR [1], adding replicas [] and removing replicas [] . Previous leader None and previous leader epoch was -1. (state.change.logger)
[2025-07-01 14:52:17,748] INFO [Broker id=1] Creating new partition topic-stock-alert-2 with topic id QRtpBAjTRdiYEYwVteWt9A. (state.change.logger)
[2025-07-01 14:52:17,750] INFO [Broker id=1] Leader topic-stock-alert-2 with topic id Some(QRtpBAjTRdiYEYwVteWt9A) starts at leader epoch 18 from offset 3 with partition epoch 18, high watermark 3, ISR [1], adding replicas [] and removing replicas [] . Previous leader None and previous leader epoch was -1. (state.change.logger)
[2025-07-01 14:52:17,752] INFO [Broker id=1] Creating new partition __consumer_offsets-16 with topic id vCVMa4OUT-ywtd1mwLRhjQ. (state.change.logger)
[2025-07-01 14:52:17,753] INFO [Broker id=1] Leader __consumer_offsets-16 with topic id Some(vCVMa4OUT-ywtd1mwLRhjQ) starts at leader epoch 18 from offset 0 with partition epoch 18, high watermark 0, ISR [1], adding replicas [] and removing replicas [] . Previous leader None and previous leader epoch was -1. (state.change.logger)
[2025-07-01 14:52:17,755] INFO [Broker id=1] Creating new partition __consumer_offsets-45 with topic id vCVMa4OUT-ywtd1mwLRhjQ. (state.change.logger)
[2025-07-01 14:52:17,756] INFO [Broker id=1] Leader __consumer_offsets-45 with topic id Some(vCVMa4OUT-ywtd1mwLRhjQ) starts at leader epoch 18 from offset 0 with partition epoch 18, high watermark 0, ISR [1], adding replicas [] and removing replicas [] . Previous leader None and previous leader epoch was -1. (state.change.logger)
[2025-07-01 14:52:17,759] INFO [Broker id=1] Creating new partition topic-stock-deduct-2 with topic id Gk22zCaBT6eO8IgwZf_k1w. (state.change.logger)
[2025-07-01 14:52:17,760] INFO [Broker id=1] Leader topic-stock-deduct-2 with topic id Some(Gk22zCaBT6eO8IgwZf_k1w) starts at leader epoch 18 from offset 6 with partition epoch 18, high watermark 6, ISR [1], adding replicas [] and removing replicas [] . Previous leader None and previous leader epoch was -1. (state.change.logger)
[2025-07-01 14:52:17,760] INFO [Broker id=1] Creating new partition topic-stock-return-2 with topic id u8Xr9ahqSLOjNwSTnEDTww. (state.change.logger)
[2025-07-01 14:52:17,760] INFO [Broker id=1] Leader topic-stock-return-2 with topic id Some(u8Xr9ahqSLOjNwSTnEDTww) starts at leader epoch 18 from offset 0 with partition epoch 18, high watermark 0, ISR [1], adding replicas [] and removing replicas [] . Previous leader None and previous leader epoch was -1. (state.change.logger)
[2025-07-01 14:52:17,762] INFO [Broker id=1] Creating new partition topic-order-complete-0 with topic id 1KkQhNU_SRS5lv-R2fZCfw. (state.change.logger)
[2025-07-01 14:52:17,764] INFO [Broker id=1] Leader topic-order-complete-0 with topic id Some(1KkQhNU_SRS5lv-R2fZCfw) starts at leader epoch 18 from offset 1 with partition epoch 18, high watermark 1, ISR [1], adding replicas [] and removing replicas [] . Previous leader None and previous leader epoch was -1. (state.change.logger)
[2025-07-01 14:52:17,766] INFO [Broker id=1] Creating new partition __consumer_offsets-12 with topic id vCVMa4OUT-ywtd1mwLRhjQ. (state.change.logger)
[2025-07-01 14:52:17,767] INFO [Broker id=1] Leader __consumer_offsets-12 with topic id Some(vCVMa4OUT-ywtd1mwLRhjQ) starts at leader epoch 18 from offset 0 with partition epoch 18, high watermark 0, ISR [1], adding replicas [] and removing replicas [] . Previous leader None and previous leader epoch was -1. (state.change.logger)
[2025-07-01 14:52:17,769] INFO [Broker id=1] Creating new partition __consumer_offsets-41 with topic id vCVMa4OUT-ywtd1mwLRhjQ. (state.change.logger)
[2025-07-01 14:52:17,770] INFO [Broker id=1] Leader __consumer_offsets-41 with topic id Some(vCVMa4OUT-ywtd1mwLRhjQ) starts at leader epoch 18 from offset 0 with partition epoch 18, high watermark 0, ISR [1], adding replicas [] and removing replicas [] . Previous leader None and previous leader epoch was -1. (state.change.logger)
[2025-07-01 14:52:17,772] INFO [Broker id=1] Creating new partition topic-order-create-2 with topic id 2NZlfQJeQZyLb-HgwqBjkQ. (state.change.logger)
[2025-07-01 14:52:17,773] INFO [Broker id=1] Leader topic-order-create-2 with topic id Some(2NZlfQJeQZyLb-HgwqBjkQ) starts at leader epoch 18 from offset 3 with partition epoch 18, high watermark 3, ISR [1], adding replicas [] and removing replicas [] . Previous leader None and previous leader epoch was -1. (state.change.logger)
[2025-07-01 14:52:17,775] INFO [Broker id=1] Creating new partition __consumer_offsets-24 with topic id vCVMa4OUT-ywtd1mwLRhjQ. (state.change.logger)
[2025-07-01 14:52:17,776] INFO [Broker id=1] Leader __consumer_offsets-24 with topic id Some(vCVMa4OUT-ywtd1mwLRhjQ) starts at leader epoch 18 from offset 358757 with partition epoch 18, high watermark 358748, ISR [1], adding replicas [] and removing replicas [] . Previous leader None and previous leader epoch was -1. (state.change.logger)
[2025-07-01 14:52:17,778] INFO [Broker id=1] Creating new partition topic-log-system-1 with topic id zRXsszg7Qbm7kId_yQFDxg. (state.change.logger)
[2025-07-01 14:52:17,779] INFO [Broker id=1] Leader topic-log-system-1 with topic id Some(zRXsszg7Qbm7kId_yQFDxg) starts at leader epoch 18 from offset 0 with partition epoch 18, high watermark 0, ISR [1], adding replicas [] and removing replicas [] . Previous leader None and previous leader epoch was -1. (state.change.logger)
[2025-07-01 14:52:17,781] INFO [Broker id=1] Creating new partition __consumer_offsets-20 with topic id vCVMa4OUT-ywtd1mwLRhjQ. (state.change.logger)
[2025-07-01 14:52:17,782] INFO [Broker id=1] Leader __consumer_offsets-20 with topic id Some(vCVMa4OUT-ywtd1mwLRhjQ) starts at leader epoch 18 from offset 0 with partition epoch 18, high watermark 0, ISR [1], adding replicas [] and removing replicas [] . Previous leader None and previous leader epoch was -1. (state.change.logger)
[2025-07-01 14:52:17,784] INFO [Broker id=1] Creating new partition __consumer_offsets-49 with topic id vCVMa4OUT-ywtd1mwLRhjQ. (state.change.logger)
[2025-07-01 14:52:17,785] INFO [Broker id=1] Leader __consumer_offsets-49 with topic id Some(vCVMa4OUT-ywtd1mwLRhjQ) starts at leader epoch 18 from offset 0 with partition epoch 18, high watermark 0, ISR [1], adding replicas [] and removing replicas [] . Previous leader None and previous leader epoch was -1. (state.change.logger)
[2025-07-01 14:52:17,788] INFO [Broker id=1] Creating new partition topic-log-error-0 with topic id KlVQZeFaS5yI-BRmZdXLXQ. (state.change.logger)
[2025-07-01 14:52:17,789] INFO [Broker id=1] Leader topic-log-error-0 with topic id Some(KlVQZeFaS5yI-BRmZdXLXQ) starts at leader epoch 18 from offset 18 with partition epoch 18, high watermark 18, ISR [1], adding replicas [] and removing replicas [] . Previous leader None and previous leader epoch was -1. (state.change.logger)
[2025-07-01 14:52:17,791] INFO [Broker id=1] Creating new partition __consumer_offsets-0 with topic id vCVMa4OUT-ywtd1mwLRhjQ. (state.change.logger)
[2025-07-01 14:52:17,792] INFO [Broker id=1] Leader __consumer_offsets-0 with topic id Some(vCVMa4OUT-ywtd1mwLRhjQ) starts at leader epoch 18 from offset 0 with partition epoch 18, high watermark 0, ISR [1], adding replicas [] and removing replicas [] . Previous leader None and previous leader epoch was -1. (state.change.logger)
[2025-07-01 14:52:17,795] INFO [Broker id=1] Creating new partition topic-order-cancel-1 with topic id 1P01WrjrS4q74DNZsqlE_w. (state.change.logger)
[2025-07-01 14:52:17,796] INFO [Broker id=1] Leader topic-order-cancel-1 with topic id Some(1P01WrjrS4q74DNZsqlE_w) starts at leader epoch 18 from offset 1 with partition epoch 18, high watermark 1, ISR [1], adding replicas [] and removing replicas [] . Previous leader None and previous leader epoch was -1. (state.change.logger)
[2025-07-01 14:52:17,798] INFO [Broker id=1] Creating new partition __consumer_offsets-29 with topic id vCVMa4OUT-ywtd1mwLRhjQ. (state.change.logger)
[2025-07-01 14:52:17,800] INFO [Broker id=1] Leader __consumer_offsets-29 with topic id Some(vCVMa4OUT-ywtd1mwLRhjQ) starts at leader epoch 18 from offset 0 with partition epoch 18, high watermark 0, ISR [1], adding replicas [] and removing replicas [] . Previous leader None and previous leader epoch was -1. (state.change.logger)
[2025-07-01 14:52:17,802] INFO [Broker id=1] Creating new partition __consumer_offsets-25 with topic id vCVMa4OUT-ywtd1mwLRhjQ. (state.change.logger)
[2025-07-01 14:52:17,803] INFO [Broker id=1] Leader __consumer_offsets-25 with topic id Some(vCVMa4OUT-ywtd1mwLRhjQ) starts at leader epoch 18 from offset 0 with partition epoch 18, high watermark 0, ISR [1], adding replicas [] and removing replicas [] . Previous leader None and previous leader epoch was -1. (state.change.logger)
[2025-07-01 14:52:17,806] INFO [Broker id=1] Creating new partition __consumer_offsets-8 with topic id vCVMa4OUT-ywtd1mwLRhjQ. (state.change.logger)
[2025-07-01 14:52:17,807] INFO [Broker id=1] Leader __consumer_offsets-8 with topic id Some(vCVMa4OUT-ywtd1mwLRhjQ) starts at leader epoch 18 from offset 0 with partition epoch 18, high watermark 0, ISR [1], adding replicas [] and removing replicas [] . Previous leader None and previous leader epoch was -1. (state.change.logger)
[2025-07-01 14:52:17,810] INFO [Broker id=1] Creating new partition __consumer_offsets-37 with topic id vCVMa4OUT-ywtd1mwLRhjQ. (state.change.logger)
[2025-07-01 14:52:17,811] INFO [Broker id=1] Leader __consumer_offsets-37 with topic id Some(vCVMa4OUT-ywtd1mwLRhjQ) starts at leader epoch 18 from offset 0 with partition epoch 18, high watermark 0, ISR [1], adding replicas [] and removing replicas [] . Previous leader None and previous leader epoch was -1. (state.change.logger)
[2025-07-01 14:52:17,813] INFO [Broker id=1] Creating new partition __consumer_offsets-4 with topic id vCVMa4OUT-ywtd1mwLRhjQ. (state.change.logger)
[2025-07-01 14:52:17,814] INFO [Broker id=1] Leader __consumer_offsets-4 with topic id Some(vCVMa4OUT-ywtd1mwLRhjQ) starts at leader epoch 18 from offset 269081 with partition epoch 18, high watermark 269075, ISR [1], adding replicas [] and removing replicas [] . Previous leader None and previous leader epoch was -1. (state.change.logger)
[2025-07-01 14:52:17,814] INFO [Broker id=1] Creating new partition topic-order-pay-2 with topic id Nmv2yfjfRNOoHsQdfHfn1Q. (state.change.logger)
[2025-07-01 14:52:17,816] INFO [Broker id=1] Leader topic-order-pay-2 with topic id Some(Nmv2yfjfRNOoHsQdfHfn1Q) starts at leader epoch 18 from offset 1 with partition epoch 18, high watermark 1, ISR [1], adding replicas [] and removing replicas [] . Previous leader None and previous leader epoch was -1. (state.change.logger)
[2025-07-01 14:52:17,818] INFO [Broker id=1] Creating new partition __consumer_offsets-33 with topic id vCVMa4OUT-ywtd1mwLRhjQ. (state.change.logger)
[2025-07-01 14:52:17,819] INFO [Broker id=1] Leader __consumer_offsets-33 with topic id Some(vCVMa4OUT-ywtd1mwLRhjQ) starts at leader epoch 18 from offset 0 with partition epoch 18, high watermark 0, ISR [1], adding replicas [] and removing replicas [] . Previous leader None and previous leader epoch was -1. (state.change.logger)
[2025-07-01 14:52:17,822] INFO [Broker id=1] Creating new partition __consumer_offsets-15 with topic id vCVMa4OUT-ywtd1mwLRhjQ. (state.change.logger)
[2025-07-01 14:52:17,823] INFO [Broker id=1] Leader __consumer_offsets-15 with topic id Some(vCVMa4OUT-ywtd1mwLRhjQ) starts at leader epoch 18 from offset 0 with partition epoch 18, high watermark 0, ISR [1], adding replicas [] and removing replicas [] . Previous leader None and previous leader epoch was -1. (state.change.logger)
[2025-07-01 14:52:17,825] INFO [Broker id=1] Creating new partition topic-stock-alert-1 with topic id QRtpBAjTRdiYEYwVteWt9A. (state.change.logger)
[2025-07-01 14:52:17,826] INFO [Broker id=1] Leader topic-stock-alert-1 with topic id Some(QRtpBAjTRdiYEYwVteWt9A) starts at leader epoch 18 from offset 0 with partition epoch 18, high watermark 0, ISR [1], adding replicas [] and removing replicas [] . Previous leader None and previous leader epoch was -1. (state.change.logger)
[2025-07-01 14:52:17,828] INFO [Broker id=1] Creating new partition __consumer_offsets-48 with topic id vCVMa4OUT-ywtd1mwLRhjQ. (state.change.logger)
[2025-07-01 14:52:17,829] INFO [Broker id=1] Leader __consumer_offsets-48 with topic id Some(vCVMa4OUT-ywtd1mwLRhjQ) starts at leader epoch 18 from offset 0 with partition epoch 18, high watermark 0, ISR [1], adding replicas [] and removing replicas [] . Previous leader None and previous leader epoch was -1. (state.change.logger)
[2025-07-01 14:52:17,832] INFO [Broker id=1] Creating new partition topic-order-complete-1 with topic id 1KkQhNU_SRS5lv-R2fZCfw. (state.change.logger)
[2025-07-01 14:52:17,834] INFO [Broker id=1] Leader topic-order-complete-1 with topic id Some(1KkQhNU_SRS5lv-R2fZCfw) starts at leader epoch 18 from offset 1 with partition epoch 18, high watermark 1, ISR [1], adding replicas [] and removing replicas [] . Previous leader None and previous leader epoch was -1. (state.change.logger)
[2025-07-01 14:52:17,836] INFO [Broker id=1] Creating new partition __consumer_offsets-11 with topic id vCVMa4OUT-ywtd1mwLRhjQ. (state.change.logger)
[2025-07-01 14:52:17,837] INFO [Broker id=1] Leader __consumer_offsets-11 with topic id Some(vCVMa4OUT-ywtd1mwLRhjQ) starts at leader epoch 18 from offset 0 with partition epoch 18, high watermark 0, ISR [1], adding replicas [] and removing replicas [] . Previous leader None and previous leader epoch was -1. (state.change.logger)
[2025-07-01 14:52:17,839] INFO [Broker id=1] Creating new partition __consumer_offsets-44 with topic id vCVMa4OUT-ywtd1mwLRhjQ. (state.change.logger)
[2025-07-01 14:52:17,840] INFO [Broker id=1] Leader __consumer_offsets-44 with topic id Some(vCVMa4OUT-ywtd1mwLRhjQ) starts at leader epoch 18 from offset 0 with partition epoch 18, high watermark 0, ISR [1], adding replicas [] and removing replicas [] . Previous leader None and previous leader epoch was -1. (state.change.logger)
[2025-07-01 14:52:17,842] INFO [Broker id=1] Creating new partition __consumer_offsets-23 with topic id vCVMa4OUT-ywtd1mwLRhjQ. (state.change.logger)
[2025-07-01 14:52:17,843] INFO [Broker id=1] Leader __consumer_offsets-23 with topic id Some(vCVMa4OUT-ywtd1mwLRhjQ) starts at leader epoch 18 from offset 0 with partition epoch 18, high watermark 0, ISR [1], adding replicas [] and removing replicas [] . Previous leader None and previous leader epoch was -1. (state.change.logger)
[2025-07-01 14:52:17,845] INFO [Broker id=1] Creating new partition topic-log-system-0 with topic id zRXsszg7Qbm7kId_yQFDxg. (state.change.logger)
[2025-07-01 14:52:17,846] INFO [Broker id=1] Leader topic-log-system-0 with topic id Some(zRXsszg7Qbm7kId_yQFDxg) starts at leader epoch 18 from offset 0 with partition epoch 18, high watermark 0, ISR [1], adding replicas [] and removing replicas [] . Previous leader None and previous leader epoch was -1. (state.change.logger)
[2025-07-01 14:52:17,848] INFO [Broker id=1] Creating new partition __consumer_offsets-19 with topic id vCVMa4OUT-ywtd1mwLRhjQ. (state.change.logger)
[2025-07-01 14:52:17,849] INFO [Broker id=1] Leader __consumer_offsets-19 with topic id Some(vCVMa4OUT-ywtd1mwLRhjQ) starts at leader epoch 18 from offset 0 with partition epoch 18, high watermark 0, ISR [1], adding replicas [] and removing replicas [] . Previous leader None and previous leader epoch was -1. (state.change.logger)
[2025-07-01 14:52:17,851] INFO [Broker id=1] Creating new partition __consumer_offsets-32 with topic id vCVMa4OUT-ywtd1mwLRhjQ. (state.change.logger)
[2025-07-01 14:52:17,852] INFO [Broker id=1] Leader __consumer_offsets-32 with topic id Some(vCVMa4OUT-ywtd1mwLRhjQ) starts at leader epoch 18 from offset 0 with partition epoch 18, high watermark 0, ISR [1], adding replicas [] and removing replicas [] . Previous leader None and previous leader epoch was -1. (state.change.logger)
[2025-07-01 14:52:17,854] INFO [Broker id=1] Creating new partition topic-order-delivery-2 with topic id EAykCFfrRIiTlpfr7kkXmg. (state.change.logger)
[2025-07-01 14:52:17,855] INFO [Broker id=1] Leader topic-order-delivery-2 with topic id Some(EAykCFfrRIiTlpfr7kkXmg) starts at leader epoch 18 from offset 0 with partition epoch 18, high watermark 0, ISR [1], adding replicas [] and removing replicas [] . Previous leader None and previous leader epoch was -1. (state.change.logger)
[2025-07-01 14:52:17,857] INFO [Broker id=1] Creating new partition topic-log-error-1 with topic id KlVQZeFaS5yI-BRmZdXLXQ. (state.change.logger)
[2025-07-01 14:52:17,858] INFO [Broker id=1] Leader topic-log-error-1 with topic id Some(KlVQZeFaS5yI-BRmZdXLXQ) starts at leader epoch 18 from offset 17 with partition epoch 18, high watermark 17, ISR [1], adding replicas [] and removing replicas [] . Previous leader None and previous leader epoch was -1. (state.change.logger)
[2025-07-01 14:52:17,858] INFO [Broker id=1] Creating new partition __consumer_offsets-28 with topic id vCVMa4OUT-ywtd1mwLRhjQ. (state.change.logger)
[2025-07-01 14:52:17,859] INFO [Broker id=1] Leader __consumer_offsets-28 with topic id Some(vCVMa4OUT-ywtd1mwLRhjQ) starts at leader epoch 18 from offset 0 with partition epoch 18, high watermark 0, ISR [1], adding replicas [] and removing replicas [] . Previous leader None and previous leader epoch was -1. (state.change.logger)
[2025-07-01 14:52:17,861] INFO [Broker id=1] Creating new partition __consumer_offsets-7 with topic id vCVMa4OUT-ywtd1mwLRhjQ. (state.change.logger)
[2025-07-01 14:52:17,862] INFO [Broker id=1] Leader __consumer_offsets-7 with topic id Some(vCVMa4OUT-ywtd1mwLRhjQ) starts at leader epoch 18 from offset 0 with partition epoch 18, high watermark 0, ISR [1], adding replicas [] and removing replicas [] . Previous leader None and previous leader epoch was -1. (state.change.logger)
[2025-07-01 14:52:17,865] INFO [Broker id=1] Creating new partition __consumer_offsets-40 with topic id vCVMa4OUT-ywtd1mwLRhjQ. (state.change.logger)
[2025-07-01 14:52:17,866] INFO [Broker id=1] Leader __consumer_offsets-40 with topic id Some(vCVMa4OUT-ywtd1mwLRhjQ) starts at leader epoch 18 from offset 0 with partition epoch 18, high watermark 0, ISR [1], adding replicas [] and removing replicas [] . Previous leader None and previous leader epoch was -1. (state.change.logger)
[2025-07-01 14:52:17,868] INFO [Broker id=1] Creating new partition topic-log-user-action-0 with topic id mSU5y2ILSvWq3vj7Ta4a0w. (state.change.logger)
[2025-07-01 14:52:17,868] INFO [Broker id=1] Leader topic-log-user-action-0 with topic id Some(mSU5y2ILSvWq3vj7Ta4a0w) starts at leader epoch 18 from offset 361 with partition epoch 18, high watermark 361, ISR [1], adding replicas [] and removing replicas [] . Previous leader None and previous leader epoch was -1. (state.change.logger)
[2025-07-01 14:52:17,869] INFO [Broker id=1] Creating new partition __consumer_offsets-3 with topic id vCVMa4OUT-ywtd1mwLRhjQ. (state.change.logger)
[2025-07-01 14:52:17,869] INFO [Broker id=1] Leader __consumer_offsets-3 with topic id Some(vCVMa4OUT-ywtd1mwLRhjQ) starts at leader epoch 18 from offset 0 with partition epoch 18, high watermark 0, ISR [1], adding replicas [] and removing replicas [] . Previous leader None and previous leader epoch was -1. (state.change.logger)
[2025-07-01 14:52:17,871] INFO [Broker id=1] Creating new partition topic-order-pay-1 with topic id Nmv2yfjfRNOoHsQdfHfn1Q. (state.change.logger)
[2025-07-01 14:52:17,872] INFO [Broker id=1] Leader topic-order-pay-1 with topic id Some(Nmv2yfjfRNOoHsQdfHfn1Q) starts at leader epoch 18 from offset 1 with partition epoch 18, high watermark 1, ISR [1], adding replicas [] and removing replicas [] . Previous leader None and previous leader epoch was -1. (state.change.logger)
[2025-07-01 14:52:17,872] INFO [Broker id=1] Creating new partition topic-order-cancel-0 with topic id 1P01WrjrS4q74DNZsqlE_w. (state.change.logger)
[2025-07-01 14:52:17,873] INFO [Broker id=1] Leader topic-order-cancel-0 with topic id Some(1P01WrjrS4q74DNZsqlE_w) starts at leader epoch 18 from offset 0 with partition epoch 18, high watermark 0, ISR [1], adding replicas [] and removing replicas [] . Previous leader None and previous leader epoch was -1. (state.change.logger)
[2025-07-01 14:52:17,875] INFO [Broker id=1] Creating new partition __consumer_offsets-36 with topic id vCVMa4OUT-ywtd1mwLRhjQ. (state.change.logger)
[2025-07-01 14:52:17,876] INFO [Broker id=1] Leader __consumer_offsets-36 with topic id Some(vCVMa4OUT-ywtd1mwLRhjQ) starts at leader epoch 18 from offset 0 with partition epoch 18, high watermark 0, ISR [1], adding replicas [] and removing replicas [] . Previous leader None and previous leader epoch was -1. (state.change.logger)
[2025-07-01 14:52:17,878] INFO [Broker id=1] Creating new partition __consumer_offsets-47 with topic id vCVMa4OUT-ywtd1mwLRhjQ. (state.change.logger)
[2025-07-01 14:52:17,879] INFO [Broker id=1] Leader __consumer_offsets-47 with topic id Some(vCVMa4OUT-ywtd1mwLRhjQ) starts at leader epoch 18 from offset 0 with partition epoch 18, high watermark 0, ISR [1], adding replicas [] and removing replicas [] . Previous leader None and previous leader epoch was -1. (state.change.logger)
[2025-07-01 14:52:17,882] INFO [Broker id=1] Creating new partition __consumer_offsets-14 with topic id vCVMa4OUT-ywtd1mwLRhjQ. (state.change.logger)
[2025-07-01 14:52:17,882] INFO [Broker id=1] Leader __consumer_offsets-14 with topic id Some(vCVMa4OUT-ywtd1mwLRhjQ) starts at leader epoch 18 from offset 0 with partition epoch 18, high watermark 0, ISR [1], adding replicas [] and removing replicas [] . Previous leader None and previous leader epoch was -1. (state.change.logger)
[2025-07-01 14:52:17,884] INFO [Broker id=1] Creating new partition __consumer_offsets-43 with topic id vCVMa4OUT-ywtd1mwLRhjQ. (state.change.logger)
[2025-07-01 14:52:17,885] INFO [Broker id=1] Leader __consumer_offsets-43 with topic id Some(vCVMa4OUT-ywtd1mwLRhjQ) starts at leader epoch 18 from offset 0 with partition epoch 18, high watermark 0, ISR [1], adding replicas [] and removing replicas [] . Previous leader None and previous leader epoch was -1. (state.change.logger)
[2025-07-01 14:52:17,888] INFO [Broker id=1] Creating new partition topic-stock-return-0 with topic id u8Xr9ahqSLOjNwSTnEDTww. (state.change.logger)
[2025-07-01 14:52:17,889] INFO [Broker id=1] Leader topic-stock-return-0 with topic id Some(u8Xr9ahqSLOjNwSTnEDTww) starts at leader epoch 18 from offset 0 with partition epoch 18, high watermark 0, ISR [1], adding replicas [] and removing replicas [] . Previous leader None and previous leader epoch was -1. (state.change.logger)
[2025-07-01 14:52:17,891] INFO [Broker id=1] Creating new partition topic-order-complete-2 with topic id 1KkQhNU_SRS5lv-R2fZCfw. (state.change.logger)
[2025-07-01 14:52:17,892] INFO [Broker id=1] Leader topic-order-complete-2 with topic id Some(1KkQhNU_SRS5lv-R2fZCfw) starts at leader epoch 18 from offset 0 with partition epoch 18, high watermark 0, ISR [1], adding replicas [] and removing replicas [] . Previous leader None and previous leader epoch was -1. (state.change.logger)
[2025-07-01 14:52:17,894] INFO [Broker id=1] Creating new partition __consumer_offsets-10 with topic id vCVMa4OUT-ywtd1mwLRhjQ. (state.change.logger)
[2025-07-01 14:52:17,895] INFO [Broker id=1] Leader __consumer_offsets-10 with topic id Some(vCVMa4OUT-ywtd1mwLRhjQ) starts at leader epoch 18 from offset 0 with partition epoch 18, high watermark 0, ISR [1], adding replicas [] and removing replicas [] . Previous leader None and previous leader epoch was -1. (state.change.logger)
[2025-07-01 14:52:17,896] INFO [Broker id=1] Creating new partition topic-order-create-0 with topic id 2NZlfQJeQZyLb-HgwqBjkQ. (state.change.logger)
[2025-07-01 14:52:17,897] INFO [Broker id=1] Leader topic-order-create-0 with topic id Some(2NZlfQJeQZyLb-HgwqBjkQ) starts at leader epoch 18 from offset 1 with partition epoch 18, high watermark 1, ISR [1], adding replicas [] and removing replicas [] . Previous leader None and previous leader epoch was -1. (state.change.logger)
[2025-07-01 14:52:17,899] INFO [Broker id=1] Creating new partition __consumer_offsets-22 with topic id vCVMa4OUT-ywtd1mwLRhjQ. (state.change.logger)
[2025-07-01 14:52:17,900] INFO [Broker id=1] Leader __consumer_offsets-22 with topic id Some(vCVMa4OUT-ywtd1mwLRhjQ) starts at leader epoch 18 from offset 0 with partition epoch 18, high watermark 0, ISR [1], adding replicas [] and removing replicas [] . Previous leader None and previous leader epoch was -1. (state.change.logger)
[2025-07-01 14:52:17,902] INFO [Broker id=1] Creating new partition topic-stock-deduct-0 with topic id Gk22zCaBT6eO8IgwZf_k1w. (state.change.logger)
[2025-07-01 14:52:17,902] INFO [Broker id=1] Leader topic-stock-deduct-0 with topic id Some(Gk22zCaBT6eO8IgwZf_k1w) starts at leader epoch 18 from offset 1 with partition epoch 18, high watermark 1, ISR [1], adding replicas [] and removing replicas [] . Previous leader None and previous leader epoch was -1. (state.change.logger)
[2025-07-01 14:52:17,904] INFO [Broker id=1] Creating new partition topic-stock-alert-0 with topic id QRtpBAjTRdiYEYwVteWt9A. (state.change.logger)
[2025-07-01 14:52:17,905] INFO [Broker id=1] Leader topic-stock-alert-0 with topic id Some(QRtpBAjTRdiYEYwVteWt9A) starts at leader epoch 18 from offset 0 with partition epoch 18, high watermark 0, ISR [1], adding replicas [] and removing replicas [] . Previous leader None and previous leader epoch was -1. (state.change.logger)
[2025-07-01 14:52:17,907] INFO [Broker id=1] Creating new partition __consumer_offsets-18 with topic id vCVMa4OUT-ywtd1mwLRhjQ. (state.change.logger)
[2025-07-01 14:52:17,907] INFO [Broker id=1] Leader __consumer_offsets-18 with topic id Some(vCVMa4OUT-ywtd1mwLRhjQ) starts at leader epoch 18 from offset 0 with partition epoch 18, high watermark 0, ISR [1], adding replicas [] and removing replicas [] . Previous leader None and previous leader epoch was -1. (state.change.logger)
[2025-07-01 14:52:17,909] INFO [Broker id=1] Creating new partition __consumer_offsets-31 with topic id vCVMa4OUT-ywtd1mwLRhjQ. (state.change.logger)
[2025-07-01 14:52:17,910] INFO [Broker id=1] Leader __consumer_offsets-31 with topic id Some(vCVMa4OUT-ywtd1mwLRhjQ) starts at leader epoch 18 from offset 0 with partition epoch 18, high watermark 0, ISR [1], adding replicas [] and removing replicas [] . Previous leader None and previous leader epoch was -1. (state.change.logger)
[2025-07-01 14:52:17,912] INFO [Broker id=1] Creating new partition topic-log-error-2 with topic id KlVQZeFaS5yI-BRmZdXLXQ. (state.change.logger)
[2025-07-01 14:52:17,913] INFO [Broker id=1] Leader topic-log-error-2 with topic id Some(KlVQZeFaS5yI-BRmZdXLXQ) starts at leader epoch 18 from offset 8 with partition epoch 18, high watermark 8, ISR [1], adding replicas [] and removing replicas [] . Previous leader None and previous leader epoch was -1. (state.change.logger)
[2025-07-01 14:52:17,913] INFO [Broker id=1] Creating new partition topic-order-delivery-1 with topic id EAykCFfrRIiTlpfr7kkXmg. (state.change.logger)
[2025-07-01 14:52:17,913] INFO [Broker id=1] Leader topic-order-delivery-1 with topic id Some(EAykCFfrRIiTlpfr7kkXmg) starts at leader epoch 18 from offset 0 with partition epoch 18, high watermark 0, ISR [1], adding replicas [] and removing replicas [] . Previous leader None and previous leader epoch was -1. (state.change.logger)
[2025-07-01 14:52:17,915] INFO [Broker id=1] Creating new partition __consumer_offsets-27 with topic id vCVMa4OUT-ywtd1mwLRhjQ. (state.change.logger)
[2025-07-01 14:52:17,916] INFO [Broker id=1] Leader __consumer_offsets-27 with topic id Some(vCVMa4OUT-ywtd1mwLRhjQ) starts at leader epoch 18 from offset 0 with partition epoch 18, high watermark 0, ISR [1], adding replicas [] and removing replicas [] . Previous leader None and previous leader epoch was -1. (state.change.logger)
[2025-07-01 14:52:17,918] INFO [Broker id=1] Creating new partition __consumer_offsets-39 with topic id vCVMa4OUT-ywtd1mwLRhjQ. (state.change.logger)
[2025-07-01 14:52:17,918] INFO [Broker id=1] Leader __consumer_offsets-39 with topic id Some(vCVMa4OUT-ywtd1mwLRhjQ) starts at leader epoch 18 from offset 0 with partition epoch 18, high watermark 0, ISR [1], adding replicas [] and removing replicas [] . Previous leader None and previous leader epoch was -1. (state.change.logger)
[2025-07-01 14:52:17,920] INFO [Broker id=1] Creating new partition __consumer_offsets-6 with topic id vCVMa4OUT-ywtd1mwLRhjQ. (state.change.logger)
[2025-07-01 14:52:17,921] INFO [Broker id=1] Leader __consumer_offsets-6 with topic id Some(vCVMa4OUT-ywtd1mwLRhjQ) starts at leader epoch 18 from offset 179529 with partition epoch 18, high watermark 179526, ISR [1], adding replicas [] and removing replicas [] . Previous leader None and previous leader epoch was -1. (state.change.logger)
[2025-07-01 14:52:17,921] INFO [Broker id=1] Creating new partition topic-order-pay-0 with topic id Nmv2yfjfRNOoHsQdfHfn1Q. (state.change.logger)
[2025-07-01 14:52:17,921] INFO [Broker id=1] Leader topic-order-pay-0 with topic id Some(Nmv2yfjfRNOoHsQdfHfn1Q) starts at leader epoch 18 from offset 1 with partition epoch 18, high watermark 1, ISR [1], adding replicas [] and removing replicas [] . Previous leader None and previous leader epoch was -1. (state.change.logger)
[2025-07-01 14:52:17,923] INFO [Broker id=1] Creating new partition __consumer_offsets-35 with topic id vCVMa4OUT-ywtd1mwLRhjQ. (state.change.logger)
[2025-07-01 14:52:17,924] INFO [Broker id=1] Leader __consumer_offsets-35 with topic id Some(vCVMa4OUT-ywtd1mwLRhjQ) starts at leader epoch 18 from offset 0 with partition epoch 18, high watermark 0, ISR [1], adding replicas [] and removing replicas [] . Previous leader None and previous leader epoch was -1. (state.change.logger)
[2025-07-01 14:52:17,926] INFO [Broker id=1] Creating new partition topic-log-user-action-1 with topic id mSU5y2ILSvWq3vj7Ta4a0w. (state.change.logger)
[2025-07-01 14:52:17,927] INFO [Broker id=1] Leader topic-log-user-action-1 with topic id Some(mSU5y2ILSvWq3vj7Ta4a0w) starts at leader epoch 18 from offset 373 with partition epoch 18, high watermark 373, ISR [1], adding replicas [] and removing replicas [] . Previous leader None and previous leader epoch was -1. (state.change.logger)
[2025-07-01 14:52:17,927] INFO [Broker id=1] Creating new partition __consumer_offsets-2 with topic id vCVMa4OUT-ywtd1mwLRhjQ. (state.change.logger)
[2025-07-01 14:52:17,927] INFO [Broker id=1] Leader __consumer_offsets-2 with topic id Some(vCVMa4OUT-ywtd1mwLRhjQ) starts at leader epoch 18 from offset 0 with partition epoch 18, high watermark 0, ISR [1], adding replicas [] and removing replicas [] . Previous leader None and previous leader epoch was -1. (state.change.logger)
[2025-07-01 14:52:23,182] INFO [Broker id=1] Transitioning 83 partition(s) to local followers. (state.change.logger)
[2025-07-01 14:52:23,187] INFO [Broker id=1] Follower __consumer_offsets-13 starts at leader epoch 19 from offset 0 with partition epoch 19 and high watermark 0. Current leader is -1. Previous leader Some(-1) and previous leader epoch was 19. (state.change.logger)
[2025-07-01 14:52:23,187] INFO [Broker id=1] Follower __consumer_offsets-46 starts at leader epoch 19 from offset 0 with partition epoch 19 and high watermark 0. Current leader is -1. Previous leader Some(-1) and previous leader epoch was 19. (state.change.logger)
[2025-07-01 14:52:23,187] INFO [Broker id=1] Follower topic-stock-return-1 starts at leader epoch 19 from offset 0 with partition epoch 19 and high watermark 0. Current leader is -1. Previous leader Some(-1) and previous leader epoch was 19. (state.change.logger)
[2025-07-01 14:52:23,187] INFO [Broker id=1] Follower __consumer_offsets-9 starts at leader epoch 19 from offset 0 with partition epoch 19 and high watermark 0. Current leader is -1. Previous leader Some(-1) and previous leader epoch was 19. (state.change.logger)
[2025-07-01 14:52:23,187] INFO [Broker id=1] Follower __consumer_offsets-42 starts at leader epoch 19 from offset 0 with partition epoch 19 and high watermark 0. Current leader is -1. Previous leader Some(-1) and previous leader epoch was 19. (state.change.logger)
[2025-07-01 14:52:23,187] INFO [Broker id=1] Follower topic-log-system-2 starts at leader epoch 19 from offset 0 with partition epoch 19 and high watermark 0. Current leader is -1. Previous leader Some(-1) and previous leader epoch was 19. (state.change.logger)
[2025-07-01 14:52:23,188] INFO [Broker id=1] Follower topic-order-create-1 starts at leader epoch 19 from offset 3 with partition epoch 19 and high watermark 3. Current leader is -1. Previous leader Some(-1) and previous leader epoch was 19. (state.change.logger)
[2025-07-01 14:52:23,188] INFO [Broker id=1] Follower __consumer_offsets-21 starts at leader epoch 19 from offset 0 with partition epoch 19 and high watermark 0. Current leader is -1. Previous leader Some(-1) and previous leader epoch was 19. (state.change.logger)
[2025-07-01 14:52:23,188] INFO [Broker id=1] Follower topic-stock-deduct-1 starts at leader epoch 19 from offset 0 with partition epoch 19 and high watermark 0. Current leader is -1. Previous leader Some(-1) and previous leader epoch was 19. (state.change.logger)
[2025-07-01 14:52:23,188] INFO [Broker id=1] Follower __consumer_offsets-17 starts at leader epoch 19 from offset 0 with partition epoch 19 and high watermark 0. Current leader is -1. Previous leader Some(-1) and previous leader epoch was 19. (state.change.logger)
[2025-07-01 14:52:23,188] INFO [Broker id=1] Follower topic-order-delivery-0 starts at leader epoch 19 from offset 3 with partition epoch 19 and high watermark 3. Current leader is -1. Previous leader Some(-1) and previous leader epoch was 19. (state.change.logger)
[2025-07-01 14:52:23,188] INFO [Broker id=1] Follower topic-order-cancel-2 starts at leader epoch 19 from offset 0 with partition epoch 19 and high watermark 0. Current leader is -1. Previous leader Some(-1) and previous leader epoch was 19. (state.change.logger)
[2025-07-01 14:52:23,188] INFO [Broker id=1] Follower __consumer_offsets-30 starts at leader epoch 19 from offset 0 with partition epoch 19 and high watermark 0. Current leader is -1. Previous leader Some(-1) and previous leader epoch was 19. (state.change.logger)
[2025-07-01 14:52:23,188] INFO [Broker id=1] Follower __consumer_offsets-26 starts at leader epoch 19 from offset 0 with partition epoch 19 and high watermark 0. Current leader is -1. Previous leader Some(-1) and previous leader epoch was 19. (state.change.logger)
[2025-07-01 14:52:23,188] INFO [Broker id=1] Follower __consumer_offsets-5 starts at leader epoch 19 from offset 0 with partition epoch 19 and high watermark 0. Current leader is -1. Previous leader Some(-1) and previous leader epoch was 19. (state.change.logger)
[2025-07-01 14:52:23,188] INFO [Broker id=1] Follower __consumer_offsets-38 starts at leader epoch 19 from offset 0 with partition epoch 19 and high watermark 0. Current leader is -1. Previous leader Some(-1) and previous leader epoch was 19. (state.change.logger)
[2025-07-01 14:52:23,188] INFO [Broker id=1] Follower topic-log-user-action-2 starts at leader epoch 19 from offset 438 with partition epoch 19 and high watermark 438. Current leader is -1. Previous leader Some(-1) and previous leader epoch was 19. (state.change.logger)
[2025-07-01 14:52:23,188] INFO [Broker id=1] Follower __consumer_offsets-1 starts at leader epoch 19 from offset 0 with partition epoch 19 and high watermark 0. Current leader is -1. Previous leader Some(-1) and previous leader epoch was 19. (state.change.logger)
[2025-07-01 14:52:23,188] INFO [Broker id=1] Follower __consumer_offsets-34 starts at leader epoch 19 from offset 0 with partition epoch 19 and high watermark 0. Current leader is -1. Previous leader Some(-1) and previous leader epoch was 19. (state.change.logger)
[2025-07-01 14:52:23,188] INFO [Broker id=1] Follower topic-stock-alert-2 starts at leader epoch 19 from offset 3 with partition epoch 19 and high watermark 3. Current leader is -1. Previous leader Some(-1) and previous leader epoch was 19. (state.change.logger)
[2025-07-01 14:52:23,188] INFO [Broker id=1] Follower __consumer_offsets-16 starts at leader epoch 19 from offset 0 with partition epoch 19 and high watermark 0. Current leader is -1. Previous leader Some(-1) and previous leader epoch was 19. (state.change.logger)
[2025-07-01 14:52:23,188] INFO [Broker id=1] Follower __consumer_offsets-45 starts at leader epoch 19 from offset 0 with partition epoch 19 and high watermark 0. Current leader is -1. Previous leader Some(-1) and previous leader epoch was 19. (state.change.logger)
[2025-07-01 14:52:23,188] INFO [Broker id=1] Follower topic-stock-deduct-2 starts at leader epoch 19 from offset 6 with partition epoch 19 and high watermark 6. Current leader is -1. Previous leader Some(-1) and previous leader epoch was 19. (state.change.logger)
[2025-07-01 14:52:23,188] INFO [Broker id=1] Follower topic-stock-return-2 starts at leader epoch 19 from offset 0 with partition epoch 19 and high watermark 0. Current leader is -1. Previous leader Some(-1) and previous leader epoch was 19. (state.change.logger)
[2025-07-01 14:52:23,188] INFO [Broker id=1] Follower topic-order-complete-0 starts at leader epoch 19 from offset 1 with partition epoch 19 and high watermark 1. Current leader is -1. Previous leader Some(-1) and previous leader epoch was 19. (state.change.logger)
[2025-07-01 14:52:23,188] INFO [Broker id=1] Follower __consumer_offsets-12 starts at leader epoch 19 from offset 0 with partition epoch 19 and high watermark 0. Current leader is -1. Previous leader Some(-1) and previous leader epoch was 19. (state.change.logger)
[2025-07-01 14:52:23,188] INFO [Broker id=1] Follower __consumer_offsets-41 starts at leader epoch 19 from offset 0 with partition epoch 19 and high watermark 0. Current leader is -1. Previous leader Some(-1) and previous leader epoch was 19. (state.change.logger)
[2025-07-01 14:52:23,188] INFO [Broker id=1] Follower topic-order-create-2 starts at leader epoch 19 from offset 3 with partition epoch 19 and high watermark 3. Current leader is -1. Previous leader Some(-1) and previous leader epoch was 19. (state.change.logger)
[2025-07-01 14:52:23,188] INFO [Broker id=1] Follower __consumer_offsets-24 starts at leader epoch 19 from offset 358757 with partition epoch 19 and high watermark 358757. Current leader is -1. Previous leader Some(-1) and previous leader epoch was 19. (state.change.logger)
[2025-07-01 14:52:23,188] INFO [Broker id=1] Follower topic-log-system-1 starts at leader epoch 19 from offset 0 with partition epoch 19 and high watermark 0. Current leader is -1. Previous leader Some(-1) and previous leader epoch was 19. (state.change.logger)
[2025-07-01 14:52:23,188] INFO [Broker id=1] Follower __consumer_offsets-20 starts at leader epoch 19 from offset 0 with partition epoch 19 and high watermark 0. Current leader is -1. Previous leader Some(-1) and previous leader epoch was 19. (state.change.logger)
[2025-07-01 14:52:23,188] INFO [Broker id=1] Follower __consumer_offsets-49 starts at leader epoch 19 from offset 0 with partition epoch 19 and high watermark 0. Current leader is -1. Previous leader Some(-1) and previous leader epoch was 19. (state.change.logger)
[2025-07-01 14:52:23,188] INFO [Broker id=1] Follower topic-log-error-0 starts at leader epoch 19 from offset 18 with partition epoch 19 and high watermark 18. Current leader is -1. Previous leader Some(-1) and previous leader epoch was 19. (state.change.logger)
[2025-07-01 14:52:23,188] INFO [Broker id=1] Follower __consumer_offsets-0 starts at leader epoch 19 from offset 0 with partition epoch 19 and high watermark 0. Current leader is -1. Previous leader Some(-1) and previous leader epoch was 19. (state.change.logger)
[2025-07-01 14:52:23,189] INFO [Broker id=1] Follower topic-order-cancel-1 starts at leader epoch 19 from offset 1 with partition epoch 19 and high watermark 1. Current leader is -1. Previous leader Some(-1) and previous leader epoch was 19. (state.change.logger)
[2025-07-01 14:52:23,189] INFO [Broker id=1] Follower __consumer_offsets-29 starts at leader epoch 19 from offset 0 with partition epoch 19 and high watermark 0. Current leader is -1. Previous leader Some(-1) and previous leader epoch was 19. (state.change.logger)
[2025-07-01 14:52:23,189] INFO [Broker id=1] Follower __consumer_offsets-25 starts at leader epoch 19 from offset 0 with partition epoch 19 and high watermark 0. Current leader is -1. Previous leader Some(-1) and previous leader epoch was 19. (state.change.logger)
[2025-07-01 14:52:23,189] INFO [Broker id=1] Follower __consumer_offsets-8 starts at leader epoch 19 from offset 0 with partition epoch 19 and high watermark 0. Current leader is -1. Previous leader Some(-1) and previous leader epoch was 19. (state.change.logger)
[2025-07-01 14:52:23,189] INFO [Broker id=1] Follower __consumer_offsets-37 starts at leader epoch 19 from offset 0 with partition epoch 19 and high watermark 0. Current leader is -1. Previous leader Some(-1) and previous leader epoch was 19. (state.change.logger)
[2025-07-01 14:52:23,189] INFO [Broker id=1] Follower __consumer_offsets-4 starts at leader epoch 19 from offset 269081 with partition epoch 19 and high watermark 269081. Current leader is -1. Previous leader Some(-1) and previous leader epoch was 19. (state.change.logger)
[2025-07-01 14:52:23,189] INFO [Broker id=1] Follower topic-order-pay-2 starts at leader epoch 19 from offset 1 with partition epoch 19 and high watermark 1. Current leader is -1. Previous leader Some(-1) and previous leader epoch was 19. (state.change.logger)
[2025-07-01 14:52:23,189] INFO [Broker id=1] Follower __consumer_offsets-33 starts at leader epoch 19 from offset 0 with partition epoch 19 and high watermark 0. Current leader is -1. Previous leader Some(-1) and previous leader epoch was 19. (state.change.logger)
[2025-07-01 14:52:23,189] INFO [Broker id=1] Follower __consumer_offsets-15 starts at leader epoch 19 from offset 0 with partition epoch 19 and high watermark 0. Current leader is -1. Previous leader Some(-1) and previous leader epoch was 19. (state.change.logger)
[2025-07-01 14:52:23,189] INFO [Broker id=1] Follower topic-stock-alert-1 starts at leader epoch 19 from offset 0 with partition epoch 19 and high watermark 0. Current leader is -1. Previous leader Some(-1) and previous leader epoch was 19. (state.change.logger)
[2025-07-01 14:52:23,189] INFO [Broker id=1] Follower __consumer_offsets-48 starts at leader epoch 19 from offset 0 with partition epoch 19 and high watermark 0. Current leader is -1. Previous leader Some(-1) and previous leader epoch was 19. (state.change.logger)
[2025-07-01 14:52:23,189] INFO [Broker id=1] Follower topic-order-complete-1 starts at leader epoch 19 from offset 1 with partition epoch 19 and high watermark 1. Current leader is -1. Previous leader Some(-1) and previous leader epoch was 19. (state.change.logger)
[2025-07-01 14:52:23,189] INFO [Broker id=1] Follower __consumer_offsets-11 starts at leader epoch 19 from offset 0 with partition epoch 19 and high watermark 0. Current leader is -1. Previous leader Some(-1) and previous leader epoch was 19. (state.change.logger)
[2025-07-01 14:52:23,189] INFO [Broker id=1] Follower __consumer_offsets-44 starts at leader epoch 19 from offset 0 with partition epoch 19 and high watermark 0. Current leader is -1. Previous leader Some(-1) and previous leader epoch was 19. (state.change.logger)
[2025-07-01 14:52:23,189] INFO [Broker id=1] Follower __consumer_offsets-23 starts at leader epoch 19 from offset 0 with partition epoch 19 and high watermark 0. Current leader is -1. Previous leader Some(-1) and previous leader epoch was 19. (state.change.logger)
[2025-07-01 14:52:23,189] INFO [Broker id=1] Follower topic-log-system-0 starts at leader epoch 19 from offset 0 with partition epoch 19 and high watermark 0. Current leader is -1. Previous leader Some(-1) and previous leader epoch was 19. (state.change.logger)
[2025-07-01 14:52:23,189] INFO [Broker id=1] Follower __consumer_offsets-19 starts at leader epoch 19 from offset 0 with partition epoch 19 and high watermark 0. Current leader is -1. Previous leader Some(-1) and previous leader epoch was 19. (state.change.logger)
[2025-07-01 14:52:23,189] INFO [Broker id=1] Follower __consumer_offsets-32 starts at leader epoch 19 from offset 0 with partition epoch 19 and high watermark 0. Current leader is -1. Previous leader Some(-1) and previous leader epoch was 19. (state.change.logger)
[2025-07-01 14:52:23,189] INFO [Broker id=1] Follower topic-order-delivery-2 starts at leader epoch 19 from offset 0 with partition epoch 19 and high watermark 0. Current leader is -1. Previous leader Some(-1) and previous leader epoch was 19. (state.change.logger)
[2025-07-01 14:52:23,189] INFO [Broker id=1] Follower topic-log-error-1 starts at leader epoch 19 from offset 17 with partition epoch 19 and high watermark 17. Current leader is -1. Previous leader Some(-1) and previous leader epoch was 19. (state.change.logger)
[2025-07-01 14:52:23,189] INFO [Broker id=1] Follower __consumer_offsets-28 starts at leader epoch 19 from offset 0 with partition epoch 19 and high watermark 0. Current leader is -1. Previous leader Some(-1) and previous leader epoch was 19. (state.change.logger)
[2025-07-01 14:52:23,189] INFO [Broker id=1] Follower __consumer_offsets-7 starts at leader epoch 19 from offset 0 with partition epoch 19 and high watermark 0. Current leader is -1. Previous leader Some(-1) and previous leader epoch was 19. (state.change.logger)
[2025-07-01 14:52:23,189] INFO [Broker id=1] Follower __consumer_offsets-40 starts at leader epoch 19 from offset 0 with partition epoch 19 and high watermark 0. Current leader is -1. Previous leader Some(-1) and previous leader epoch was 19. (state.change.logger)
[2025-07-01 14:52:23,189] INFO [Broker id=1] Follower topic-log-user-action-0 starts at leader epoch 19 from offset 361 with partition epoch 19 and high watermark 361. Current leader is -1. Previous leader Some(-1) and previous leader epoch was 19. (state.change.logger)
[2025-07-01 14:52:23,189] INFO [Broker id=1] Follower __consumer_offsets-3 starts at leader epoch 19 from offset 0 with partition epoch 19 and high watermark 0. Current leader is -1. Previous leader Some(-1) and previous leader epoch was 19. (state.change.logger)
[2025-07-01 14:52:23,189] INFO [Broker id=1] Follower topic-order-pay-1 starts at leader epoch 19 from offset 1 with partition epoch 19 and high watermark 1. Current leader is -1. Previous leader Some(-1) and previous leader epoch was 19. (state.change.logger)
[2025-07-01 14:52:23,189] INFO [Broker id=1] Follower topic-order-cancel-0 starts at leader epoch 19 from offset 0 with partition epoch 19 and high watermark 0. Current leader is -1. Previous leader Some(-1) and previous leader epoch was 19. (state.change.logger)
[2025-07-01 14:52:23,189] INFO [Broker id=1] Follower __consumer_offsets-36 starts at leader epoch 19 from offset 0 with partition epoch 19 and high watermark 0. Current leader is -1. Previous leader Some(-1) and previous leader epoch was 19. (state.change.logger)
[2025-07-01 14:52:23,190] INFO [Broker id=1] Follower __consumer_offsets-47 starts at leader epoch 19 from offset 0 with partition epoch 19 and high watermark 0. Current leader is -1. Previous leader Some(-1) and previous leader epoch was 19. (state.change.logger)
[2025-07-01 14:52:23,190] INFO [Broker id=1] Follower __consumer_offsets-14 starts at leader epoch 19 from offset 0 with partition epoch 19 and high watermark 0. Current leader is -1. Previous leader Some(-1) and previous leader epoch was 19. (state.change.logger)
[2025-07-01 14:52:23,190] INFO [Broker id=1] Follower __consumer_offsets-43 starts at leader epoch 19 from offset 0 with partition epoch 19 and high watermark 0. Current leader is -1. Previous leader Some(-1) and previous leader epoch was 19. (state.change.logger)
[2025-07-01 14:52:23,190] INFO [Broker id=1] Follower topic-stock-return-0 starts at leader epoch 19 from offset 0 with partition epoch 19 and high watermark 0. Current leader is -1. Previous leader Some(-1) and previous leader epoch was 19. (state.change.logger)
[2025-07-01 14:52:23,190] INFO [Broker id=1] Follower topic-order-complete-2 starts at leader epoch 19 from offset 0 with partition epoch 19 and high watermark 0. Current leader is -1. Previous leader Some(-1) and previous leader epoch was 19. (state.change.logger)
[2025-07-01 14:52:23,190] INFO [Broker id=1] Follower __consumer_offsets-10 starts at leader epoch 19 from offset 0 with partition epoch 19 and high watermark 0. Current leader is -1. Previous leader Some(-1) and previous leader epoch was 19. (state.change.logger)
[2025-07-01 14:52:23,190] INFO [Broker id=1] Follower topic-order-create-0 starts at leader epoch 19 from offset 1 with partition epoch 19 and high watermark 1. Current leader is -1. Previous leader Some(-1) and previous leader epoch was 19. (state.change.logger)
[2025-07-01 14:52:23,190] INFO [Broker id=1] Follower __consumer_offsets-22 starts at leader epoch 19 from offset 0 with partition epoch 19 and high watermark 0. Current leader is -1. Previous leader Some(-1) and previous leader epoch was 19. (state.change.logger)
[2025-07-01 14:52:23,190] INFO [Broker id=1] Follower topic-stock-deduct-0 starts at leader epoch 19 from offset 1 with partition epoch 19 and high watermark 1. Current leader is -1. Previous leader Some(-1) and previous leader epoch was 19. (state.change.logger)
[2025-07-01 14:52:23,190] INFO [Broker id=1] Follower topic-stock-alert-0 starts at leader epoch 19 from offset 0 with partition epoch 19 and high watermark 0. Current leader is -1. Previous leader Some(-1) and previous leader epoch was 19. (state.change.logger)
[2025-07-01 14:52:23,190] INFO [Broker id=1] Follower __consumer_offsets-18 starts at leader epoch 19 from offset 0 with partition epoch 19 and high watermark 0. Current leader is -1. Previous leader Some(-1) and previous leader epoch was 19. (state.change.logger)
[2025-07-01 14:52:23,190] INFO [Broker id=1] Follower __consumer_offsets-31 starts at leader epoch 19 from offset 0 with partition epoch 19 and high watermark 0. Current leader is -1. Previous leader Some(-1) and previous leader epoch was 19. (state.change.logger)
[2025-07-01 14:52:23,190] INFO [Broker id=1] Follower topic-log-error-2 starts at leader epoch 19 from offset 8 with partition epoch 19 and high watermark 8. Current leader is -1. Previous leader Some(-1) and previous leader epoch was 19. (state.change.logger)
[2025-07-01 14:52:23,190] INFO [Broker id=1] Follower topic-order-delivery-1 starts at leader epoch 19 from offset 0 with partition epoch 19 and high watermark 0. Current leader is -1. Previous leader Some(-1) and previous leader epoch was 19. (state.change.logger)
[2025-07-01 14:52:23,190] INFO [Broker id=1] Follower __consumer_offsets-27 starts at leader epoch 19 from offset 0 with partition epoch 19 and high watermark 0. Current leader is -1. Previous leader Some(-1) and previous leader epoch was 19. (state.change.logger)
[2025-07-01 14:52:23,190] INFO [Broker id=1] Follower __consumer_offsets-39 starts at leader epoch 19 from offset 0 with partition epoch 19 and high watermark 0. Current leader is -1. Previous leader Some(-1) and previous leader epoch was 19. (state.change.logger)
[2025-07-01 14:52:23,190] INFO [Broker id=1] Follower __consumer_offsets-6 starts at leader epoch 19 from offset 179529 with partition epoch 19 and high watermark 179529. Current leader is -1. Previous leader Some(-1) and previous leader epoch was 19. (state.change.logger)
[2025-07-01 14:52:23,190] INFO [Broker id=1] Follower topic-order-pay-0 starts at leader epoch 19 from offset 1 with partition epoch 19 and high watermark 1. Current leader is -1. Previous leader Some(-1) and previous leader epoch was 19. (state.change.logger)
[2025-07-01 14:52:23,190] INFO [Broker id=1] Follower __consumer_offsets-35 starts at leader epoch 19 from offset 0 with partition epoch 19 and high watermark 0. Current leader is -1. Previous leader Some(-1) and previous leader epoch was 19. (state.change.logger)
[2025-07-01 14:52:23,190] INFO [Broker id=1] Follower topic-log-user-action-1 starts at leader epoch 19 from offset 373 with partition epoch 19 and high watermark 373. Current leader is -1. Previous leader Some(-1) and previous leader epoch was 19. (state.change.logger)
[2025-07-01 14:52:23,190] INFO [Broker id=1] Follower __consumer_offsets-2 starts at leader epoch 19 from offset 0 with partition epoch 19 and high watermark 0. Current leader is -1. Previous leader Some(-1) and previous leader epoch was 19. (state.change.logger)
[2025-07-01 14:52:23,192] INFO [Broker id=1] Stopped fetchers as part of become-follower for 83 partitions (state.change.logger)
[2025-07-01 14:52:23,194] INFO [Broker id=1] Started fetchers as part of become-follower for 83 partitions (state.change.logger)
[2025-07-01 14:52:25,140] INFO [Broker id=1] Transitioning 83 partition(s) to local leaders. (state.change.logger)
[2025-07-01 14:52:25,142] INFO [Broker id=1] Leader __consumer_offsets-13 with topic id Some(vCVMa4OUT-ywtd1mwLRhjQ) starts at leader epoch 20 from offset 0 with partition epoch 20, high watermark 0, ISR [1], adding replicas [] and removing replicas [] . Previous leader Some(-1) and previous leader epoch was 19. (state.change.logger)
[2025-07-01 14:52:25,144] INFO [Broker id=1] Leader __consumer_offsets-46 with topic id Some(vCVMa4OUT-ywtd1mwLRhjQ) starts at leader epoch 20 from offset 0 with partition epoch 20, high watermark 0, ISR [1], adding replicas [] and removing replicas [] . Previous leader Some(-1) and previous leader epoch was 19. (state.change.logger)
[2025-07-01 14:52:25,146] INFO [Broker id=1] Leader topic-stock-return-1 with topic id Some(u8Xr9ahqSLOjNwSTnEDTww) starts at leader epoch 20 from offset 0 with partition epoch 20, high watermark 0, ISR [1], adding replicas [] and removing replicas [] . Previous leader Some(-1) and previous leader epoch was 19. (state.change.logger)
[2025-07-01 14:52:25,148] INFO [Broker id=1] Leader __consumer_offsets-9 with topic id Some(vCVMa4OUT-ywtd1mwLRhjQ) starts at leader epoch 20 from offset 0 with partition epoch 20, high watermark 0, ISR [1], adding replicas [] and removing replicas [] . Previous leader Some(-1) and previous leader epoch was 19. (state.change.logger)
[2025-07-01 14:52:25,150] INFO [Broker id=1] Leader __consumer_offsets-42 with topic id Some(vCVMa4OUT-ywtd1mwLRhjQ) starts at leader epoch 20 from offset 0 with partition epoch 20, high watermark 0, ISR [1], adding replicas [] and removing replicas [] . Previous leader Some(-1) and previous leader epoch was 19. (state.change.logger)
[2025-07-01 14:52:25,152] INFO [Broker id=1] Leader topic-log-system-2 with topic id Some(zRXsszg7Qbm7kId_yQFDxg) starts at leader epoch 20 from offset 0 with partition epoch 20, high watermark 0, ISR [1], adding replicas [] and removing replicas [] . Previous leader Some(-1) and previous leader epoch was 19. (state.change.logger)
[2025-07-01 14:52:25,154] INFO [Broker id=1] Leader topic-order-create-1 with topic id Some(2NZlfQJeQZyLb-HgwqBjkQ) starts at leader epoch 20 from offset 3 with partition epoch 20, high watermark 3, ISR [1], adding replicas [] and removing replicas [] . Previous leader Some(-1) and previous leader epoch was 19. (state.change.logger)
[2025-07-01 14:52:25,156] INFO [Broker id=1] Leader __consumer_offsets-21 with topic id Some(vCVMa4OUT-ywtd1mwLRhjQ) starts at leader epoch 20 from offset 0 with partition epoch 20, high watermark 0, ISR [1], adding replicas [] and removing replicas [] . Previous leader Some(-1) and previous leader epoch was 19. (state.change.logger)
[2025-07-01 14:52:25,158] INFO [Broker id=1] Leader topic-stock-deduct-1 with topic id Some(Gk22zCaBT6eO8IgwZf_k1w) starts at leader epoch 20 from offset 0 with partition epoch 20, high watermark 0, ISR [1], adding replicas [] and removing replicas [] . Previous leader Some(-1) and previous leader epoch was 19. (state.change.logger)
[2025-07-01 14:52:25,159] INFO [Broker id=1] Leader __consumer_offsets-17 with topic id Some(vCVMa4OUT-ywtd1mwLRhjQ) starts at leader epoch 20 from offset 0 with partition epoch 20, high watermark 0, ISR [1], adding replicas [] and removing replicas [] . Previous leader Some(-1) and previous leader epoch was 19. (state.change.logger)
[2025-07-01 14:52:25,161] INFO [Broker id=1] Leader topic-order-delivery-0 with topic id Some(EAykCFfrRIiTlpfr7kkXmg) starts at leader epoch 20 from offset 3 with partition epoch 20, high watermark 3, ISR [1], adding replicas [] and removing replicas [] . Previous leader Some(-1) and previous leader epoch was 19. (state.change.logger)
[2025-07-01 14:52:25,163] INFO [Broker id=1] Leader topic-order-cancel-2 with topic id Some(1P01WrjrS4q74DNZsqlE_w) starts at leader epoch 20 from offset 0 with partition epoch 20, high watermark 0, ISR [1], adding replicas [] and removing replicas [] . Previous leader Some(-1) and previous leader epoch was 19. (state.change.logger)
[2025-07-01 14:52:25,164] INFO [Broker id=1] Leader __consumer_offsets-30 with topic id Some(vCVMa4OUT-ywtd1mwLRhjQ) starts at leader epoch 20 from offset 0 with partition epoch 20, high watermark 0, ISR [1], adding replicas [] and removing replicas [] . Previous leader Some(-1) and previous leader epoch was 19. (state.change.logger)
[2025-07-01 14:52:25,166] INFO [Broker id=1] Leader __consumer_offsets-26 with topic id Some(vCVMa4OUT-ywtd1mwLRhjQ) starts at leader epoch 20 from offset 0 with partition epoch 20, high watermark 0, ISR [1], adding replicas [] and removing replicas [] . Previous leader Some(-1) and previous leader epoch was 19. (state.change.logger)
[2025-07-01 14:52:25,167] INFO [Broker id=1] Leader __consumer_offsets-5 with topic id Some(vCVMa4OUT-ywtd1mwLRhjQ) starts at leader epoch 20 from offset 0 with partition epoch 20, high watermark 0, ISR [1], adding replicas [] and removing replicas [] . Previous leader Some(-1) and previous leader epoch was 19. (state.change.logger)
[2025-07-01 14:52:25,169] INFO [Broker id=1] Leader __consumer_offsets-38 with topic id Some(vCVMa4OUT-ywtd1mwLRhjQ) starts at leader epoch 20 from offset 0 with partition epoch 20, high watermark 0, ISR [1], adding replicas [] and removing replicas [] . Previous leader Some(-1) and previous leader epoch was 19. (state.change.logger)
[2025-07-01 14:52:25,170] INFO [Broker id=1] Leader topic-log-user-action-2 with topic id Some(mSU5y2ILSvWq3vj7Ta4a0w) starts at leader epoch 20 from offset 438 with partition epoch 20, high watermark 438, ISR [1], adding replicas [] and removing replicas [] . Previous leader Some(-1) and previous leader epoch was 19. (state.change.logger)
[2025-07-01 14:52:25,172] INFO [Broker id=1] Leader __consumer_offsets-1 with topic id Some(vCVMa4OUT-ywtd1mwLRhjQ) starts at leader epoch 20 from offset 0 with partition epoch 20, high watermark 0, ISR [1], adding replicas [] and removing replicas [] . Previous leader Some(-1) and previous leader epoch was 19. (state.change.logger)
[2025-07-01 14:52:25,173] INFO [Broker id=1] Leader __consumer_offsets-34 with topic id Some(vCVMa4OUT-ywtd1mwLRhjQ) starts at leader epoch 20 from offset 0 with partition epoch 20, high watermark 0, ISR [1], adding replicas [] and removing replicas [] . Previous leader Some(-1) and previous leader epoch was 19. (state.change.logger)
[2025-07-01 14:52:25,175] INFO [Broker id=1] Leader topic-stock-alert-2 with topic id Some(QRtpBAjTRdiYEYwVteWt9A) starts at leader epoch 20 from offset 3 with partition epoch 20, high watermark 3, ISR [1], adding replicas [] and removing replicas [] . Previous leader Some(-1) and previous leader epoch was 19. (state.change.logger)
[2025-07-01 14:52:25,176] INFO [Broker id=1] Leader __consumer_offsets-16 with topic id Some(vCVMa4OUT-ywtd1mwLRhjQ) starts at leader epoch 20 from offset 0 with partition epoch 20, high watermark 0, ISR [1], adding replicas [] and removing replicas [] . Previous leader Some(-1) and previous leader epoch was 19. (state.change.logger)
[2025-07-01 14:52:25,177] INFO [Broker id=1] Leader __consumer_offsets-45 with topic id Some(vCVMa4OUT-ywtd1mwLRhjQ) starts at leader epoch 20 from offset 0 with partition epoch 20, high watermark 0, ISR [1], adding replicas [] and removing replicas [] . Previous leader Some(-1) and previous leader epoch was 19. (state.change.logger)
[2025-07-01 14:52:25,179] INFO [Broker id=1] Leader topic-stock-deduct-2 with topic id Some(Gk22zCaBT6eO8IgwZf_k1w) starts at leader epoch 20 from offset 6 with partition epoch 20, high watermark 6, ISR [1], adding replicas [] and removing replicas [] . Previous leader Some(-1) and previous leader epoch was 19. (state.change.logger)
[2025-07-01 14:52:25,181] INFO [Broker id=1] Leader topic-stock-return-2 with topic id Some(u8Xr9ahqSLOjNwSTnEDTww) starts at leader epoch 20 from offset 0 with partition epoch 20, high watermark 0, ISR [1], adding replicas [] and removing replicas [] . Previous leader Some(-1) and previous leader epoch was 19. (state.change.logger)
[2025-07-01 14:52:25,182] INFO [Broker id=1] Leader topic-order-complete-0 with topic id Some(1KkQhNU_SRS5lv-R2fZCfw) starts at leader epoch 20 from offset 1 with partition epoch 20, high watermark 1, ISR [1], adding replicas [] and removing replicas [] . Previous leader Some(-1) and previous leader epoch was 19. (state.change.logger)
[2025-07-01 14:52:25,184] INFO [Broker id=1] Leader __consumer_offsets-12 with topic id Some(vCVMa4OUT-ywtd1mwLRhjQ) starts at leader epoch 20 from offset 0 with partition epoch 20, high watermark 0, ISR [1], adding replicas [] and removing replicas [] . Previous leader Some(-1) and previous leader epoch was 19. (state.change.logger)
[2025-07-01 14:52:25,186] INFO [Broker id=1] Leader __consumer_offsets-41 with topic id Some(vCVMa4OUT-ywtd1mwLRhjQ) starts at leader epoch 20 from offset 0 with partition epoch 20, high watermark 0, ISR [1], adding replicas [] and removing replicas [] . Previous leader Some(-1) and previous leader epoch was 19. (state.change.logger)
[2025-07-01 14:52:25,188] INFO [Broker id=1] Leader topic-order-create-2 with topic id Some(2NZlfQJeQZyLb-HgwqBjkQ) starts at leader epoch 20 from offset 3 with partition epoch 20, high watermark 3, ISR [1], adding replicas [] and removing replicas [] . Previous leader Some(-1) and previous leader epoch was 19. (state.change.logger)
[2025-07-01 14:52:25,190] INFO [Broker id=1] Leader __consumer_offsets-24 with topic id Some(vCVMa4OUT-ywtd1mwLRhjQ) starts at leader epoch 20 from offset 358757 with partition epoch 20, high watermark 358757, ISR [1], adding replicas [] and removing replicas [] . Previous leader Some(-1) and previous leader epoch was 19. (state.change.logger)
[2025-07-01 14:52:25,191] INFO [Broker id=1] Leader topic-log-system-1 with topic id Some(zRXsszg7Qbm7kId_yQFDxg) starts at leader epoch 20 from offset 0 with partition epoch 20, high watermark 0, ISR [1], adding replicas [] and removing replicas [] . Previous leader Some(-1) and previous leader epoch was 19. (state.change.logger)
[2025-07-01 14:52:25,193] INFO [Broker id=1] Leader __consumer_offsets-20 with topic id Some(vCVMa4OUT-ywtd1mwLRhjQ) starts at leader epoch 20 from offset 0 with partition epoch 20, high watermark 0, ISR [1], adding replicas [] and removing replicas [] . Previous leader Some(-1) and previous leader epoch was 19. (state.change.logger)
[2025-07-01 14:52:25,195] INFO [Broker id=1] Leader __consumer_offsets-49 with topic id Some(vCVMa4OUT-ywtd1mwLRhjQ) starts at leader epoch 20 from offset 0 with partition epoch 20, high watermark 0, ISR [1], adding replicas [] and removing replicas [] . Previous leader Some(-1) and previous leader epoch was 19. (state.change.logger)
[2025-07-01 14:52:25,196] INFO [Broker id=1] Leader topic-log-error-0 with topic id Some(KlVQZeFaS5yI-BRmZdXLXQ) starts at leader epoch 20 from offset 18 with partition epoch 20, high watermark 18, ISR [1], adding replicas [] and removing replicas [] . Previous leader Some(-1) and previous leader epoch was 19. (state.change.logger)
[2025-07-01 14:52:25,198] INFO [Broker id=1] Leader __consumer_offsets-0 with topic id Some(vCVMa4OUT-ywtd1mwLRhjQ) starts at leader epoch 20 from offset 0 with partition epoch 20, high watermark 0, ISR [1], adding replicas [] and removing replicas [] . Previous leader Some(-1) and previous leader epoch was 19. (state.change.logger)
[2025-07-01 14:52:25,200] INFO [Broker id=1] Leader topic-order-cancel-1 with topic id Some(1P01WrjrS4q74DNZsqlE_w) starts at leader epoch 20 from offset 1 with partition epoch 20, high watermark 1, ISR [1], adding replicas [] and removing replicas [] . Previous leader Some(-1) and previous leader epoch was 19. (state.change.logger)
[2025-07-01 14:52:25,201] INFO [Broker id=1] Leader __consumer_offsets-29 with topic id Some(vCVMa4OUT-ywtd1mwLRhjQ) starts at leader epoch 20 from offset 0 with partition epoch 20, high watermark 0, ISR [1], adding replicas [] and removing replicas [] . Previous leader Some(-1) and previous leader epoch was 19. (state.change.logger)
[2025-07-01 14:52:25,203] INFO [Broker id=1] Leader __consumer_offsets-25 with topic id Some(vCVMa4OUT-ywtd1mwLRhjQ) starts at leader epoch 20 from offset 0 with partition epoch 20, high watermark 0, ISR [1], adding replicas [] and removing replicas [] . Previous leader Some(-1) and previous leader epoch was 19. (state.change.logger)
[2025-07-01 14:52:25,205] INFO [Broker id=1] Leader __consumer_offsets-8 with topic id Some(vCVMa4OUT-ywtd1mwLRhjQ) starts at leader epoch 20 from offset 0 with partition epoch 20, high watermark 0, ISR [1], adding replicas [] and removing replicas [] . Previous leader Some(-1) and previous leader epoch was 19. (state.change.logger)
[2025-07-01 14:52:25,207] INFO [Broker id=1] Leader __consumer_offsets-37 with topic id Some(vCVMa4OUT-ywtd1mwLRhjQ) starts at leader epoch 20 from offset 0 with partition epoch 20, high watermark 0, ISR [1], adding replicas [] and removing replicas [] . Previous leader Some(-1) and previous leader epoch was 19. (state.change.logger)
[2025-07-01 14:52:25,208] INFO [Broker id=1] Leader __consumer_offsets-4 with topic id Some(vCVMa4OUT-ywtd1mwLRhjQ) starts at leader epoch 20 from offset 269081 with partition epoch 20, high watermark 269081, ISR [1], adding replicas [] and removing replicas [] . Previous leader Some(-1) and previous leader epoch was 19. (state.change.logger)
[2025-07-01 14:52:25,210] INFO [Broker id=1] Leader topic-order-pay-2 with topic id Some(Nmv2yfjfRNOoHsQdfHfn1Q) starts at leader epoch 20 from offset 1 with partition epoch 20, high watermark 1, ISR [1], adding replicas [] and removing replicas [] . Previous leader Some(-1) and previous leader epoch was 19. (state.change.logger)
[2025-07-01 14:52:25,211] INFO [Broker id=1] Leader __consumer_offsets-33 with topic id Some(vCVMa4OUT-ywtd1mwLRhjQ) starts at leader epoch 20 from offset 0 with partition epoch 20, high watermark 0, ISR [1], adding replicas [] and removing replicas [] . Previous leader Some(-1) and previous leader epoch was 19. (state.change.logger)
[2025-07-01 14:52:25,212] INFO [Broker id=1] Leader __consumer_offsets-15 with topic id Some(vCVMa4OUT-ywtd1mwLRhjQ) starts at leader epoch 20 from offset 0 with partition epoch 20, high watermark 0, ISR [1], adding replicas [] and removing replicas [] . Previous leader Some(-1) and previous leader epoch was 19. (state.change.logger)
[2025-07-01 14:52:25,214] INFO [Broker id=1] Leader topic-stock-alert-1 with topic id Some(QRtpBAjTRdiYEYwVteWt9A) starts at leader epoch 20 from offset 0 with partition epoch 20, high watermark 0, ISR [1], adding replicas [] and removing replicas [] . Previous leader Some(-1) and previous leader epoch was 19. (state.change.logger)
[2025-07-01 14:52:25,216] INFO [Broker id=1] Leader __consumer_offsets-48 with topic id Some(vCVMa4OUT-ywtd1mwLRhjQ) starts at leader epoch 20 from offset 0 with partition epoch 20, high watermark 0, ISR [1], adding replicas [] and removing replicas [] . Previous leader Some(-1) and previous leader epoch was 19. (state.change.logger)
[2025-07-01 14:52:25,217] INFO [Broker id=1] Leader topic-order-complete-1 with topic id Some(1KkQhNU_SRS5lv-R2fZCfw) starts at leader epoch 20 from offset 1 with partition epoch 20, high watermark 1, ISR [1], adding replicas [] and removing replicas [] . Previous leader Some(-1) and previous leader epoch was 19. (state.change.logger)
[2025-07-01 14:52:25,220] INFO [Broker id=1] Leader __consumer_offsets-11 with topic id Some(vCVMa4OUT-ywtd1mwLRhjQ) starts at leader epoch 20 from offset 0 with partition epoch 20, high watermark 0, ISR [1], adding replicas [] and removing replicas [] . Previous leader Some(-1) and previous leader epoch was 19. (state.change.logger)
[2025-07-01 14:52:25,222] INFO [Broker id=1] Leader __consumer_offsets-44 with topic id Some(vCVMa4OUT-ywtd1mwLRhjQ) starts at leader epoch 20 from offset 0 with partition epoch 20, high watermark 0, ISR [1], adding replicas [] and removing replicas [] . Previous leader Some(-1) and previous leader epoch was 19. (state.change.logger)
[2025-07-01 14:52:25,224] INFO [Broker id=1] Leader __consumer_offsets-23 with topic id Some(vCVMa4OUT-ywtd1mwLRhjQ) starts at leader epoch 20 from offset 0 with partition epoch 20, high watermark 0, ISR [1], adding replicas [] and removing replicas [] . Previous leader Some(-1) and previous leader epoch was 19. (state.change.logger)
[2025-07-01 14:52:25,225] INFO [Broker id=1] Leader topic-log-system-0 with topic id Some(zRXsszg7Qbm7kId_yQFDxg) starts at leader epoch 20 from offset 0 with partition epoch 20, high watermark 0, ISR [1], adding replicas [] and removing replicas [] . Previous leader Some(-1) and previous leader epoch was 19. (state.change.logger)
[2025-07-01 14:52:25,227] INFO [Broker id=1] Leader __consumer_offsets-19 with topic id Some(vCVMa4OUT-ywtd1mwLRhjQ) starts at leader epoch 20 from offset 0 with partition epoch 20, high watermark 0, ISR [1], adding replicas [] and removing replicas [] . Previous leader Some(-1) and previous leader epoch was 19. (state.change.logger)
[2025-07-01 14:52:25,229] INFO [Broker id=1] Leader __consumer_offsets-32 with topic id Some(vCVMa4OUT-ywtd1mwLRhjQ) starts at leader epoch 20 from offset 0 with partition epoch 20, high watermark 0, ISR [1], adding replicas [] and removing replicas [] . Previous leader Some(-1) and previous leader epoch was 19. (state.change.logger)
[2025-07-01 14:52:25,231] INFO [Broker id=1] Leader topic-order-delivery-2 with topic id Some(EAykCFfrRIiTlpfr7kkXmg) starts at leader epoch 20 from offset 0 with partition epoch 20, high watermark 0, ISR [1], adding replicas [] and removing replicas [] . Previous leader Some(-1) and previous leader epoch was 19. (state.change.logger)
[2025-07-01 14:52:25,233] INFO [Broker id=1] Leader topic-log-error-1 with topic id Some(KlVQZeFaS5yI-BRmZdXLXQ) starts at leader epoch 20 from offset 17 with partition epoch 20, high watermark 17, ISR [1], adding replicas [] and removing replicas [] . Previous leader Some(-1) and previous leader epoch was 19. (state.change.logger)
[2025-07-01 14:52:25,235] INFO [Broker id=1] Leader __consumer_offsets-28 with topic id Some(vCVMa4OUT-ywtd1mwLRhjQ) starts at leader epoch 20 from offset 0 with partition epoch 20, high watermark 0, ISR [1], adding replicas [] and removing replicas [] . Previous leader Some(-1) and previous leader epoch was 19. (state.change.logger)
[2025-07-01 14:52:25,236] INFO [Broker id=1] Leader __consumer_offsets-7 with topic id Some(vCVMa4OUT-ywtd1mwLRhjQ) starts at leader epoch 20 from offset 0 with partition epoch 20, high watermark 0, ISR [1], adding replicas [] and removing replicas [] . Previous leader Some(-1) and previous leader epoch was 19. (state.change.logger)
[2025-07-01 14:52:25,238] INFO [Broker id=1] Leader __consumer_offsets-40 with topic id Some(vCVMa4OUT-ywtd1mwLRhjQ) starts at leader epoch 20 from offset 0 with partition epoch 20, high watermark 0, ISR [1], adding replicas [] and removing replicas [] . Previous leader Some(-1) and previous leader epoch was 19. (state.change.logger)
[2025-07-01 14:52:25,240] INFO [Broker id=1] Leader topic-log-user-action-0 with topic id Some(mSU5y2ILSvWq3vj7Ta4a0w) starts at leader epoch 20 from offset 361 with partition epoch 20, high watermark 361, ISR [1], adding replicas [] and removing replicas [] . Previous leader Some(-1) and previous leader epoch was 19. (state.change.logger)
[2025-07-01 14:52:25,241] INFO [Broker id=1] Leader __consumer_offsets-3 with topic id Some(vCVMa4OUT-ywtd1mwLRhjQ) starts at leader epoch 20 from offset 0 with partition epoch 20, high watermark 0, ISR [1], adding replicas [] and removing replicas [] . Previous leader Some(-1) and previous leader epoch was 19. (state.change.logger)
[2025-07-01 14:52:25,243] INFO [Broker id=1] Leader topic-order-pay-1 with topic id Some(Nmv2yfjfRNOoHsQdfHfn1Q) starts at leader epoch 20 from offset 1 with partition epoch 20, high watermark 1, ISR [1], adding replicas [] and removing replicas [] . Previous leader Some(-1) and previous leader epoch was 19. (state.change.logger)
[2025-07-01 14:52:25,244] INFO [Broker id=1] Leader topic-order-cancel-0 with topic id Some(1P01WrjrS4q74DNZsqlE_w) starts at leader epoch 20 from offset 0 with partition epoch 20, high watermark 0, ISR [1], adding replicas [] and removing replicas [] . Previous leader Some(-1) and previous leader epoch was 19. (state.change.logger)
[2025-07-01 14:52:25,246] INFO [Broker id=1] Leader __consumer_offsets-36 with topic id Some(vCVMa4OUT-ywtd1mwLRhjQ) starts at leader epoch 20 from offset 0 with partition epoch 20, high watermark 0, ISR [1], adding replicas [] and removing replicas [] . Previous leader Some(-1) and previous leader epoch was 19. (state.change.logger)
[2025-07-01 14:52:25,248] INFO [Broker id=1] Leader __consumer_offsets-47 with topic id Some(vCVMa4OUT-ywtd1mwLRhjQ) starts at leader epoch 20 from offset 0 with partition epoch 20, high watermark 0, ISR [1], adding replicas [] and removing replicas [] . Previous leader Some(-1) and previous leader epoch was 19. (state.change.logger)
[2025-07-01 14:52:25,250] INFO [Broker id=1] Leader __consumer_offsets-14 with topic id Some(vCVMa4OUT-ywtd1mwLRhjQ) starts at leader epoch 20 from offset 0 with partition epoch 20, high watermark 0, ISR [1], adding replicas [] and removing replicas [] . Previous leader Some(-1) and previous leader epoch was 19. (state.change.logger)
[2025-07-01 14:52:25,251] INFO [Broker id=1] Leader __consumer_offsets-43 with topic id Some(vCVMa4OUT-ywtd1mwLRhjQ) starts at leader epoch 20 from offset 0 with partition epoch 20, high watermark 0, ISR [1], adding replicas [] and removing replicas [] . Previous leader Some(-1) and previous leader epoch was 19. (state.change.logger)
[2025-07-01 14:52:25,253] INFO [Broker id=1] Leader topic-stock-return-0 with topic id Some(u8Xr9ahqSLOjNwSTnEDTww) starts at leader epoch 20 from offset 0 with partition epoch 20, high watermark 0, ISR [1], adding replicas [] and removing replicas [] . Previous leader Some(-1) and previous leader epoch was 19. (state.change.logger)
[2025-07-01 14:52:25,255] INFO [Broker id=1] Leader topic-order-complete-2 with topic id Some(1KkQhNU_SRS5lv-R2fZCfw) starts at leader epoch 20 from offset 0 with partition epoch 20, high watermark 0, ISR [1], adding replicas [] and removing replicas [] . Previous leader Some(-1) and previous leader epoch was 19. (state.change.logger)
[2025-07-01 14:52:25,257] INFO [Broker id=1] Leader __consumer_offsets-10 with topic id Some(vCVMa4OUT-ywtd1mwLRhjQ) starts at leader epoch 20 from offset 0 with partition epoch 20, high watermark 0, ISR [1], adding replicas [] and removing replicas [] . Previous leader Some(-1) and previous leader epoch was 19. (state.change.logger)
[2025-07-01 14:52:25,258] INFO [Broker id=1] Leader topic-order-create-0 with topic id Some(2NZlfQJeQZyLb-HgwqBjkQ) starts at leader epoch 20 from offset 1 with partition epoch 20, high watermark 1, ISR [1], adding replicas [] and removing replicas [] . Previous leader Some(-1) and previous leader epoch was 19. (state.change.logger)
[2025-07-01 14:52:25,260] INFO [Broker id=1] Leader __consumer_offsets-22 with topic id Some(vCVMa4OUT-ywtd1mwLRhjQ) starts at leader epoch 20 from offset 0 with partition epoch 20, high watermark 0, ISR [1], adding replicas [] and removing replicas [] . Previous leader Some(-1) and previous leader epoch was 19. (state.change.logger)
[2025-07-01 14:52:25,262] INFO [Broker id=1] Leader topic-stock-deduct-0 with topic id Some(Gk22zCaBT6eO8IgwZf_k1w) starts at leader epoch 20 from offset 1 with partition epoch 20, high watermark 1, ISR [1], adding replicas [] and removing replicas [] . Previous leader Some(-1) and previous leader epoch was 19. (state.change.logger)
[2025-07-01 14:52:25,263] INFO [Broker id=1] Leader topic-stock-alert-0 with topic id Some(QRtpBAjTRdiYEYwVteWt9A) starts at leader epoch 20 from offset 0 with partition epoch 20, high watermark 0, ISR [1], adding replicas [] and removing replicas [] . Previous leader Some(-1) and previous leader epoch was 19. (state.change.logger)
[2025-07-01 14:52:25,265] INFO [Broker id=1] Leader __consumer_offsets-18 with topic id Some(vCVMa4OUT-ywtd1mwLRhjQ) starts at leader epoch 20 from offset 0 with partition epoch 20, high watermark 0, ISR [1], adding replicas [] and removing replicas [] . Previous leader Some(-1) and previous leader epoch was 19. (state.change.logger)
[2025-07-01 14:52:25,267] INFO [Broker id=1] Leader __consumer_offsets-31 with topic id Some(vCVMa4OUT-ywtd1mwLRhjQ) starts at leader epoch 20 from offset 0 with partition epoch 20, high watermark 0, ISR [1], adding replicas [] and removing replicas [] . Previous leader Some(-1) and previous leader epoch was 19. (state.change.logger)
[2025-07-01 14:52:25,268] INFO [Broker id=1] Leader topic-log-error-2 with topic id Some(KlVQZeFaS5yI-BRmZdXLXQ) starts at leader epoch 20 from offset 8 with partition epoch 20, high watermark 8, ISR [1], adding replicas [] and removing replicas [] . Previous leader Some(-1) and previous leader epoch was 19. (state.change.logger)
[2025-07-01 14:52:25,270] INFO [Broker id=1] Leader topic-order-delivery-1 with topic id Some(EAykCFfrRIiTlpfr7kkXmg) starts at leader epoch 20 from offset 0 with partition epoch 20, high watermark 0, ISR [1], adding replicas [] and removing replicas [] . Previous leader Some(-1) and previous leader epoch was 19. (state.change.logger)
[2025-07-01 14:52:25,273] INFO [Broker id=1] Leader __consumer_offsets-27 with topic id Some(vCVMa4OUT-ywtd1mwLRhjQ) starts at leader epoch 20 from offset 0 with partition epoch 20, high watermark 0, ISR [1], adding replicas [] and removing replicas [] . Previous leader Some(-1) and previous leader epoch was 19. (state.change.logger)
[2025-07-01 14:52:25,275] INFO [Broker id=1] Leader __consumer_offsets-39 with topic id Some(vCVMa4OUT-ywtd1mwLRhjQ) starts at leader epoch 20 from offset 0 with partition epoch 20, high watermark 0, ISR [1], adding replicas [] and removing replicas [] . Previous leader Some(-1) and previous leader epoch was 19. (state.change.logger)
[2025-07-01 14:52:25,276] INFO [Broker id=1] Leader __consumer_offsets-6 with topic id Some(vCVMa4OUT-ywtd1mwLRhjQ) starts at leader epoch 20 from offset 179529 with partition epoch 20, high watermark 179529, ISR [1], adding replicas [] and removing replicas [] . Previous leader Some(-1) and previous leader epoch was 19. (state.change.logger)
[2025-07-01 14:52:25,278] INFO [Broker id=1] Leader topic-order-pay-0 with topic id Some(Nmv2yfjfRNOoHsQdfHfn1Q) starts at leader epoch 20 from offset 1 with partition epoch 20, high watermark 1, ISR [1], adding replicas [] and removing replicas [] . Previous leader Some(-1) and previous leader epoch was 19. (state.change.logger)
[2025-07-01 14:52:25,280] INFO [Broker id=1] Leader __consumer_offsets-35 with topic id Some(vCVMa4OUT-ywtd1mwLRhjQ) starts at leader epoch 20 from offset 0 with partition epoch 20, high watermark 0, ISR [1], adding replicas [] and removing replicas [] . Previous leader Some(-1) and previous leader epoch was 19. (state.change.logger)
[2025-07-01 14:52:25,282] INFO [Broker id=1] Leader topic-log-user-action-1 with topic id Some(mSU5y2ILSvWq3vj7Ta4a0w) starts at leader epoch 20 from offset 373 with partition epoch 20, high watermark 373, ISR [1], adding replicas [] and removing replicas [] . Previous leader Some(-1) and previous leader epoch was 19. (state.change.logger)
[2025-07-01 14:52:25,283] INFO [Broker id=1] Leader __consumer_offsets-2 with topic id Some(vCVMa4OUT-ywtd1mwLRhjQ) starts at leader epoch 20 from offset 0 with partition epoch 20, high watermark 0, ISR [1], adding replicas [] and removing replicas [] . Previous leader Some(-1) and previous leader epoch was 19. (state.change.logger)
